{"ip":"::1","level":"info","message":"Fetching all products","method":"GET","path":"/api/products/list","timestamp":"2025-04-03T11:33:28.986Z","username":"Unknown"}
{"ip":"::1","level":"info","message":"Fetched 6 Products","method":"GET","path":"/api/products/list","timestamp":"2025-04-03T11:33:28.997Z","username":"Unknown"}
{"ip":"::1","level":"info","message":"Fetching all products","method":"GET","path":"/api/products/list","timestamp":"2025-04-03T11:33:29.006Z","username":"Unknown"}
{"ip":"::1","level":"info","message":"Fetched 6 Products","method":"GET","path":"/api/products/list","timestamp":"2025-04-03T11:33:29.021Z","username":"Unknown"}
{"ip":"::1","level":"info","message":"Fetching all products","method":"GET","path":"/api/products/list","timestamp":"2025-04-03T11:33:29.035Z","username":"Unknown"}
{"ip":"::1","level":"info","message":"Fetched 6 Products","method":"GET","path":"/api/products/list","timestamp":"2025-04-03T11:33:29.055Z","username":"Unknown"}
{"ip":"::1","level":"info","message":"Fetching all products","method":"GET","path":"/api/products/list","timestamp":"2025-04-03T11:33:29.125Z","username":"Unknown"}
{"ip":"::1","level":"info","message":"Fetched 6 Products","method":"GET","path":"/api/products/list","timestamp":"2025-04-03T11:33:29.175Z","username":"Unknown"}
{"ip":"::1","level":"info","message":"Fetching all products","method":"GET","path":"/api/products/list","timestamp":"2025-04-03T11:33:34.029Z","username":"Unknown"}
{"ip":"::1","level":"info","message":"Fetched 6 Products","method":"GET","path":"/api/products/list","timestamp":"2025-04-03T11:33:34.036Z","username":"Unknown"}
{"ip":"::1","level":"info","message":"Fetching all products","method":"GET","path":"/api/products/list","timestamp":"2025-04-03T11:33:34.056Z","username":"Unknown"}
{"ip":"::1","level":"info","message":"Fetched 6 Products","method":"GET","path":"/api/products/list","timestamp":"2025-04-03T11:33:34.065Z","username":"Unknown"}
{"ip":"::1","level":"info","message":"Fetching all products","method":"GET","path":"/api/products/list","timestamp":"2025-04-03T11:33:34.086Z","username":"Unknown"}
{"ip":"::1","level":"info","message":"Fetched 6 Products","method":"GET","path":"/api/products/list","timestamp":"2025-04-03T11:33:34.095Z","username":"Unknown"}
{"ip":"::1","level":"info","message":"Fetching all products","method":"GET","path":"/api/products/list","timestamp":"2025-04-03T11:33:34.139Z","username":"Unknown"}
{"ip":"::1","level":"info","message":"Fetched 6 Products","method":"GET","path":"/api/products/list","timestamp":"2025-04-03T11:33:34.147Z","username":"Unknown"}
{"ip":"::1","level":"info","message":"Fetching all products","method":"GET","path":"/api/products/list","timestamp":"2025-04-03T11:33:58.425Z","username":"Unknown"}
{"ip":"::1","level":"info","message":"Fetched 6 Products","method":"GET","path":"/api/products/list","timestamp":"2025-04-03T11:33:58.429Z","username":"Unknown"}
{"ip":"::1","level":"info","message":"Fetching all products","method":"GET","path":"/api/products/list","timestamp":"2025-04-03T11:33:58.440Z","username":"Unknown"}
{"ip":"::1","level":"info","message":"Fetched 6 Products","method":"GET","path":"/api/products/list","timestamp":"2025-04-03T11:33:58.450Z","username":"Unknown"}
{"ip":"::1","level":"info","message":"Fetching all products","method":"GET","path":"/api/products/list","timestamp":"2025-04-03T11:33:58.457Z","username":"Unknown"}
{"ip":"::1","level":"info","message":"Fetched 6 Products","method":"GET","path":"/api/products/list","timestamp":"2025-04-03T11:33:58.471Z","username":"Unknown"}
{"ip":"::1","level":"info","message":"Fetching all products","method":"GET","path":"/api/products/list","timestamp":"2025-04-03T11:33:58.481Z","username":"Unknown"}
{"ip":"::1","level":"info","message":"Fetched 6 Products","method":"GET","path":"/api/products/list","timestamp":"2025-04-03T11:33:58.496Z","username":"Unknown"}
{"ip":"::1","level":"info","message":"Fetching all products","method":"GET","path":"/api/products/list","timestamp":"2025-04-03T11:34:35.101Z","username":"Unknown"}
{"ip":"::1","level":"info","message":"Fetched 6 Products","method":"GET","path":"/api/products/list","timestamp":"2025-04-03T11:34:35.105Z","username":"Unknown"}
{"ip":"::1","level":"info","message":"Fetching all products","method":"GET","path":"/api/products/list","timestamp":"2025-04-03T11:34:35.113Z","username":"Unknown"}
{"ip":"::1","level":"info","message":"Fetched 6 Products","method":"GET","path":"/api/products/list","timestamp":"2025-04-03T11:34:35.127Z","username":"Unknown"}
{"ip":"::1","level":"info","message":"Fetching all products","method":"GET","path":"/api/products/list","timestamp":"2025-04-03T11:34:35.134Z","username":"Unknown"}
{"ip":"::1","level":"info","message":"Fetched 6 Products","method":"GET","path":"/api/products/list","timestamp":"2025-04-03T11:34:35.143Z","username":"Unknown"}
{"ip":"::1","level":"info","message":"Fetching all products","method":"GET","path":"/api/products/list","timestamp":"2025-04-03T11:34:35.153Z","username":"Unknown"}
{"ip":"::1","level":"info","message":"Fetched 6 Products","method":"GET","path":"/api/products/list","timestamp":"2025-04-03T11:34:35.165Z","username":"Unknown"}
{"ip":"::1","level":"info","message":"Fetching all products","method":"GET","path":"/api/products/list","timestamp":"2025-04-03T11:36:50.051Z","username":"Unknown"}
{"ip":"::1","level":"info","message":"Fetched 6 Products","method":"GET","path":"/api/products/list","timestamp":"2025-04-03T11:36:50.064Z","username":"Unknown"}
{"ip":"::1","level":"info","message":"Fetching all products","method":"GET","path":"/api/products/list","timestamp":"2025-04-03T11:36:50.081Z","username":"Unknown"}
{"ip":"::1","level":"info","message":"Fetched 6 Products","method":"GET","path":"/api/products/list","timestamp":"2025-04-03T11:36:50.106Z","username":"Unknown"}
{"ip":"::1","level":"info","message":"Fetching all products","method":"GET","path":"/api/products/list","timestamp":"2025-04-03T11:36:50.136Z","username":"Unknown"}
{"ip":"::1","level":"info","message":"Fetched 6 Products","method":"GET","path":"/api/products/list","timestamp":"2025-04-03T11:36:50.184Z","username":"Unknown"}
{"ip":"::1","level":"info","message":"Fetching all products","method":"GET","path":"/api/products/list","timestamp":"2025-04-03T11:36:50.201Z","username":"Unknown"}
{"ip":"::1","level":"info","message":"Fetched 6 Products","method":"GET","path":"/api/products/list","timestamp":"2025-04-03T11:36:50.215Z","username":"Unknown"}
{"ip":"::1","level":"info","message":"Fetching all products","method":"GET","path":"/api/products/list","timestamp":"2025-04-03T11:37:25.119Z","username":"Unknown"}
{"ip":"::1","level":"info","message":"Fetched 6 Products","method":"GET","path":"/api/products/list","timestamp":"2025-04-03T11:37:25.124Z","username":"Unknown"}
{"ip":"::1","level":"info","message":"Fetching all products","method":"GET","path":"/api/products/list","timestamp":"2025-04-03T11:37:25.132Z","username":"Unknown"}
{"ip":"::1","level":"info","message":"Fetched 6 Products","method":"GET","path":"/api/products/list","timestamp":"2025-04-03T11:37:25.143Z","username":"Unknown"}
{"ip":"::1","level":"info","message":"Fetching all products","method":"GET","path":"/api/products/list","timestamp":"2025-04-03T11:37:25.149Z","username":"Unknown"}
{"ip":"::1","level":"info","message":"Fetched 6 Products","method":"GET","path":"/api/products/list","timestamp":"2025-04-03T11:37:25.161Z","username":"Unknown"}
{"ip":"::1","level":"info","message":"Fetching all products","method":"GET","path":"/api/products/list","timestamp":"2025-04-03T11:37:25.171Z","username":"Unknown"}
{"ip":"::1","level":"info","message":"Fetched 6 Products","method":"GET","path":"/api/products/list","timestamp":"2025-04-03T11:37:25.180Z","username":"Unknown"}
{"ip":"::1","level":"info","message":"Fetching all products","method":"GET","path":"/api/products/list","timestamp":"2025-04-03T11:37:27.249Z","username":"Unknown"}
{"ip":"::1","level":"info","message":"Fetched 6 Products","method":"GET","path":"/api/products/list","timestamp":"2025-04-03T11:37:27.253Z","username":"Unknown"}
{"ip":"::1","level":"info","message":"Fetching all products","method":"GET","path":"/api/products/list","timestamp":"2025-04-03T11:37:27.267Z","username":"Unknown"}
{"ip":"::1","level":"info","message":"Fetched 6 Products","method":"GET","path":"/api/products/list","timestamp":"2025-04-03T11:37:27.273Z","username":"Unknown"}
{"ip":"::1","level":"info","message":"Fetching all products","method":"GET","path":"/api/products/list","timestamp":"2025-04-03T11:37:27.279Z","username":"Unknown"}
{"ip":"::1","level":"info","message":"Fetched 6 Products","method":"GET","path":"/api/products/list","timestamp":"2025-04-03T11:37:27.287Z","username":"Unknown"}
{"ip":"::1","level":"info","message":"Fetching all products","method":"GET","path":"/api/products/list","timestamp":"2025-04-03T11:37:27.297Z","username":"Unknown"}
{"ip":"::1","level":"info","message":"Fetched 6 Products","method":"GET","path":"/api/products/list","timestamp":"2025-04-03T11:37:27.305Z","username":"Unknown"}
{"ip":"::1","level":"info","message":"Fetching all products","method":"GET","path":"/api/products/list","timestamp":"2025-04-03T11:37:29.859Z","username":"Unknown"}
{"ip":"::1","level":"info","message":"Fetched 6 Products","method":"GET","path":"/api/products/list","timestamp":"2025-04-03T11:37:29.864Z","username":"Unknown"}
{"ip":"::1","level":"info","message":"Fetching all products","method":"GET","path":"/api/products/list","timestamp":"2025-04-03T11:37:29.872Z","username":"Unknown"}
{"ip":"::1","level":"info","message":"Fetched 6 Products","method":"GET","path":"/api/products/list","timestamp":"2025-04-03T11:37:29.883Z","username":"Unknown"}
{"ip":"::1","level":"info","message":"Fetching all products","method":"GET","path":"/api/products/list","timestamp":"2025-04-03T11:37:29.891Z","username":"Unknown"}
{"ip":"::1","level":"info","message":"Fetched 6 Products","method":"GET","path":"/api/products/list","timestamp":"2025-04-03T11:37:29.901Z","username":"Unknown"}
{"ip":"::1","level":"info","message":"Fetching all products","method":"GET","path":"/api/products/list","timestamp":"2025-04-03T11:37:29.914Z","username":"Unknown"}
{"ip":"::1","level":"info","message":"Fetched 6 Products","method":"GET","path":"/api/products/list","timestamp":"2025-04-03T11:37:29.921Z","username":"Unknown"}
{"ip":"::1","level":"info","message":"Fetching all products","method":"GET","path":"/api/products/list","timestamp":"2025-04-03T11:37:41.702Z","username":"Unknown"}
{"ip":"::1","level":"info","message":"Fetched 6 Products","method":"GET","path":"/api/products/list","timestamp":"2025-04-03T11:37:41.728Z","username":"Unknown"}
{"ip":"::1","level":"info","message":"Fetching all products","method":"GET","path":"/api/products/list","timestamp":"2025-04-03T11:37:41.749Z","username":"Unknown"}
{"ip":"::1","level":"info","message":"Fetched 6 Products","method":"GET","path":"/api/products/list","timestamp":"2025-04-03T11:37:41.769Z","username":"Unknown"}
{"ip":"::1","level":"info","message":"Fetching all products","method":"GET","path":"/api/products/list","timestamp":"2025-04-03T11:37:41.828Z","username":"Unknown"}
{"ip":"::1","level":"info","message":"Fetched 6 Products","method":"GET","path":"/api/products/list","timestamp":"2025-04-03T11:37:41.893Z","username":"Unknown"}
{"ip":"::1","level":"info","message":"Fetching all products","method":"GET","path":"/api/products/list","timestamp":"2025-04-03T11:37:41.927Z","username":"Unknown"}
{"ip":"::1","level":"info","message":"Fetched 6 Products","method":"GET","path":"/api/products/list","timestamp":"2025-04-03T11:37:41.935Z","username":"Unknown"}
{"ip":"::ffff:127.0.0.1","level":"info","message":"Fetching all products","method":"GET","path":"/api/products/list","timestamp":"2025-04-03T11:38:46.698Z","username":"Unknown"}
{"ip":"::ffff:127.0.0.1","level":"info","message":"Fetched 6 Products","method":"GET","path":"/api/products/list","timestamp":"2025-04-03T11:38:46.716Z","username":"Unknown"}
{"ip":"::ffff:127.0.0.1","level":"info","message":"Fetching all products","method":"GET","path":"/api/products/list","timestamp":"2025-04-03T11:38:46.727Z","username":"Unknown"}
{"ip":"::ffff:127.0.0.1","level":"info","message":"Fetched 6 Products","method":"GET","path":"/api/products/list","timestamp":"2025-04-03T11:38:46.741Z","username":"Unknown"}
{"ip":"::ffff:127.0.0.1","level":"info","message":"Fetching all products","method":"GET","path":"/api/products/list","timestamp":"2025-04-03T11:38:46.750Z","username":"Unknown"}
{"ip":"::ffff:127.0.0.1","level":"info","message":"Fetched 6 Products","method":"GET","path":"/api/products/list","timestamp":"2025-04-03T11:38:46.799Z","username":"Unknown"}
{"ip":"::ffff:127.0.0.1","level":"info","message":"Fetching all products","method":"GET","path":"/api/products/list","timestamp":"2025-04-03T11:38:46.823Z","username":"Unknown"}
{"ip":"::ffff:127.0.0.1","level":"info","message":"Fetched 6 Products","method":"GET","path":"/api/products/list","timestamp":"2025-04-03T11:38:46.847Z","username":"Unknown"}
{"ip":"::ffff:127.0.0.1","level":"info","message":"Fetching all products","method":"GET","path":"/api/products/list","timestamp":"2025-04-03T11:40:17.254Z","username":"Unknown"}
{"ip":"::ffff:127.0.0.1","level":"info","message":"Fetched 6 Products","method":"GET","path":"/api/products/list","timestamp":"2025-04-03T11:40:17.262Z","username":"Unknown"}
{"ip":"::1","level":"info","message":"Fetching all products","method":"GET","path":"/api/products/list","timestamp":"2025-04-03T11:40:17.274Z","username":"Unknown"}
{"ip":"::1","level":"info","message":"Fetched 6 Products","method":"GET","path":"/api/products/list","timestamp":"2025-04-03T11:40:17.284Z","username":"Unknown"}
{"ip":"::1","level":"info","message":"Fetching all products","method":"GET","path":"/api/products/list","timestamp":"2025-04-03T11:40:17.295Z","username":"Unknown"}
{"ip":"::1","level":"info","message":"Fetched 6 Products","method":"GET","path":"/api/products/list","timestamp":"2025-04-03T11:40:17.303Z","username":"Unknown"}
{"ip":"::1","level":"info","message":"Fetching all products","method":"GET","path":"/api/products/list","timestamp":"2025-04-03T11:40:17.318Z","username":"Unknown"}
{"ip":"::1","level":"info","message":"Fetched 6 Products","method":"GET","path":"/api/products/list","timestamp":"2025-04-03T11:40:17.332Z","username":"Unknown"}
{"ip":"::ffff:127.0.0.1","level":"info","message":"Fetching all products","method":"GET","path":"/api/products/list","timestamp":"2025-04-03T11:40:49.671Z","username":"Unknown"}
{"ip":"::ffff:127.0.0.1","level":"info","message":"Fetched 6 Products","method":"GET","path":"/api/products/list","timestamp":"2025-04-03T11:40:49.685Z","username":"Unknown"}
{"ip":"::ffff:127.0.0.1","level":"info","message":"Fetching all products","method":"GET","path":"/api/products/list","timestamp":"2025-04-03T11:40:49.697Z","username":"Unknown"}
{"ip":"::ffff:127.0.0.1","level":"info","message":"Fetched 6 Products","method":"GET","path":"/api/products/list","timestamp":"2025-04-03T11:40:49.707Z","username":"Unknown"}
{"ip":"::ffff:127.0.0.1","level":"info","message":"Fetching all products","method":"GET","path":"/api/products/list","timestamp":"2025-04-03T11:40:49.725Z","username":"Unknown"}
{"ip":"::ffff:127.0.0.1","level":"info","message":"Fetched 6 Products","method":"GET","path":"/api/products/list","timestamp":"2025-04-03T11:40:49.776Z","username":"Unknown"}
{"ip":"::ffff:127.0.0.1","level":"info","message":"Fetching all products","method":"GET","path":"/api/products/list","timestamp":"2025-04-03T11:40:49.828Z","username":"Unknown"}
{"ip":"::ffff:127.0.0.1","level":"info","message":"Fetched 6 Products","method":"GET","path":"/api/products/list","timestamp":"2025-04-03T11:40:49.849Z","username":"Unknown"}
{"ip":"::ffff:127.0.0.1","level":"info","message":"Fetching all products","method":"GET","path":"/api/products/list","timestamp":"2025-04-03T11:41:32.454Z","username":"Unknown"}
{"ip":"::ffff:127.0.0.1","level":"info","message":"Fetched 6 Products","method":"GET","path":"/api/products/list","timestamp":"2025-04-03T11:41:32.459Z","username":"Unknown"}
{"ip":"::ffff:127.0.0.1","level":"info","message":"Fetching all products","method":"GET","path":"/api/products/list","timestamp":"2025-04-03T11:41:32.468Z","username":"Unknown"}
{"ip":"::ffff:127.0.0.1","level":"info","message":"Fetched 6 Products","method":"GET","path":"/api/products/list","timestamp":"2025-04-03T11:41:32.477Z","username":"Unknown"}
{"ip":"::ffff:127.0.0.1","level":"info","message":"Fetching all products","method":"GET","path":"/api/products/list","timestamp":"2025-04-03T11:41:32.482Z","username":"Unknown"}
{"ip":"::ffff:127.0.0.1","level":"info","message":"Fetched 6 Products","method":"GET","path":"/api/products/list","timestamp":"2025-04-03T11:41:32.491Z","username":"Unknown"}
{"ip":"::ffff:127.0.0.1","level":"info","message":"Fetching all products","method":"GET","path":"/api/products/list","timestamp":"2025-04-03T11:41:32.498Z","username":"Unknown"}
{"ip":"::ffff:127.0.0.1","level":"info","message":"Fetched 6 Products","method":"GET","path":"/api/products/list","timestamp":"2025-04-03T11:41:32.507Z","username":"Unknown"}
{"ip":"::ffff:127.0.0.1","level":"info","message":"Fetching all products","method":"GET","path":"/api/products/list","timestamp":"2025-04-03T11:41:38.070Z","username":"Unknown"}
{"ip":"::ffff:127.0.0.1","level":"info","message":"Fetched 6 Products","method":"GET","path":"/api/products/list","timestamp":"2025-04-03T11:41:38.080Z","username":"Unknown"}
{"ip":"::ffff:127.0.0.1","level":"info","message":"Fetching all products","method":"GET","path":"/api/products/list","timestamp":"2025-04-03T11:41:38.091Z","username":"Unknown"}
{"ip":"::ffff:127.0.0.1","level":"info","message":"Fetched 6 Products","method":"GET","path":"/api/products/list","timestamp":"2025-04-03T11:41:38.102Z","username":"Unknown"}
{"ip":"::ffff:127.0.0.1","level":"info","message":"Fetching all products","method":"GET","path":"/api/products/list","timestamp":"2025-04-03T11:41:38.112Z","username":"Unknown"}
{"ip":"::ffff:127.0.0.1","level":"info","message":"Fetched 6 Products","method":"GET","path":"/api/products/list","timestamp":"2025-04-03T11:41:38.126Z","username":"Unknown"}
{"ip":"::ffff:127.0.0.1","level":"info","message":"Fetching all products","method":"GET","path":"/api/products/list","timestamp":"2025-04-03T11:41:38.143Z","username":"Unknown"}
{"ip":"::ffff:127.0.0.1","level":"info","message":"Fetched 6 Products","method":"GET","path":"/api/products/list","timestamp":"2025-04-03T11:41:38.148Z","username":"Unknown"}
{"ip":"::1","level":"info","message":"Fetching all products","method":"GET","path":"/api/products/list","timestamp":"2025-04-03T11:41:40.295Z","username":"Unknown"}
{"ip":"::1","level":"info","message":"Fetched 6 Products","method":"GET","path":"/api/products/list","timestamp":"2025-04-03T11:41:40.320Z","username":"Unknown"}
{"ip":"::1","level":"info","message":"Fetching all products","method":"GET","path":"/api/products/list","timestamp":"2025-04-03T11:41:40.368Z","username":"Unknown"}
{"ip":"::1","level":"info","message":"Fetched 6 Products","method":"GET","path":"/api/products/list","timestamp":"2025-04-03T11:41:40.394Z","username":"Unknown"}
{"ip":"::1","level":"info","message":"Fetching all products","method":"GET","path":"/api/products/list","timestamp":"2025-04-03T11:41:40.409Z","username":"Unknown"}
{"ip":"::1","level":"info","message":"Fetched 6 Products","method":"GET","path":"/api/products/list","timestamp":"2025-04-03T11:41:40.413Z","username":"Unknown"}
{"ip":"::1","level":"info","message":"Fetching all products","method":"GET","path":"/api/products/list","timestamp":"2025-04-03T11:41:40.426Z","username":"Unknown"}
{"ip":"::1","level":"info","message":"Fetched 6 Products","method":"GET","path":"/api/products/list","timestamp":"2025-04-03T11:41:40.430Z","username":"Unknown"}
{"ip":"::ffff:127.0.0.1","level":"info","message":"Fetching all products","method":"GET","path":"/api/products/list","timestamp":"2025-04-03T11:41:44.775Z","username":"Unknown"}
{"ip":"::ffff:127.0.0.1","level":"info","message":"Fetched 6 Products","method":"GET","path":"/api/products/list","timestamp":"2025-04-03T11:41:44.782Z","username":"Unknown"}
{"ip":"::ffff:127.0.0.1","level":"info","message":"Fetching all products","method":"GET","path":"/api/products/list","timestamp":"2025-04-03T11:41:44.816Z","username":"Unknown"}
{"ip":"::ffff:127.0.0.1","level":"info","message":"Fetched 6 Products","method":"GET","path":"/api/products/list","timestamp":"2025-04-03T11:41:44.827Z","username":"Unknown"}
{"ip":"::1","level":"info","message":"Fetching all products","method":"GET","path":"/api/products/list","timestamp":"2025-04-03T11:41:44.870Z","username":"Unknown"}
{"ip":"::1","level":"info","message":"Fetched 6 Products","method":"GET","path":"/api/products/list","timestamp":"2025-04-03T11:41:44.874Z","username":"Unknown"}
{"ip":"::1","level":"info","message":"Fetching all products","method":"GET","path":"/api/products/list","timestamp":"2025-04-03T11:41:44.892Z","username":"Unknown"}
{"ip":"::1","level":"info","message":"Fetched 6 Products","method":"GET","path":"/api/products/list","timestamp":"2025-04-03T11:41:44.897Z","username":"Unknown"}
{"ip":"::ffff:127.0.0.1","level":"info","message":"Fetching all products","method":"GET","path":"/api/products/list","timestamp":"2025-04-03T11:41:49.730Z","username":"Unknown"}
{"ip":"::ffff:127.0.0.1","level":"info","message":"Fetched 6 Products","method":"GET","path":"/api/products/list","timestamp":"2025-04-03T11:41:49.737Z","username":"Unknown"}
{"ip":"::ffff:127.0.0.1","level":"info","message":"Fetching all products","method":"GET","path":"/api/products/list","timestamp":"2025-04-03T11:41:49.748Z","username":"Unknown"}
{"ip":"::ffff:127.0.0.1","level":"info","message":"Fetched 6 Products","method":"GET","path":"/api/products/list","timestamp":"2025-04-03T11:41:49.756Z","username":"Unknown"}
{"ip":"::ffff:127.0.0.1","level":"info","message":"Fetching all products","method":"GET","path":"/api/products/list","timestamp":"2025-04-03T11:41:49.764Z","username":"Unknown"}
{"ip":"::ffff:127.0.0.1","level":"info","message":"Fetched 6 Products","method":"GET","path":"/api/products/list","timestamp":"2025-04-03T11:41:49.775Z","username":"Unknown"}
{"ip":"::ffff:127.0.0.1","level":"info","message":"Fetching all products","method":"GET","path":"/api/products/list","timestamp":"2025-04-03T11:41:49.784Z","username":"Unknown"}
{"ip":"::ffff:127.0.0.1","level":"info","message":"Fetched 6 Products","method":"GET","path":"/api/products/list","timestamp":"2025-04-03T11:41:49.794Z","username":"Unknown"}
{"ip":"::1","level":"info","message":"Fetching all products","method":"GET","path":"/api/products/list","timestamp":"2025-04-03T11:42:16.692Z","username":"Unknown"}
{"ip":"::1","level":"info","message":"Fetched 6 Products","method":"GET","path":"/api/products/list","timestamp":"2025-04-03T11:42:16.698Z","username":"Unknown"}
{"ip":"::1","level":"info","message":"Fetching all products","method":"GET","path":"/api/products/list","timestamp":"2025-04-03T11:42:16.708Z","username":"Unknown"}
{"ip":"::1","level":"info","message":"Fetched 6 Products","method":"GET","path":"/api/products/list","timestamp":"2025-04-03T11:42:16.717Z","username":"Unknown"}
{"ip":"::1","level":"info","message":"Fetching all products","method":"GET","path":"/api/products/list","timestamp":"2025-04-03T11:42:16.726Z","username":"Unknown"}
{"ip":"::1","level":"info","message":"Fetched 6 Products","method":"GET","path":"/api/products/list","timestamp":"2025-04-03T11:42:16.739Z","username":"Unknown"}
{"ip":"::1","level":"info","message":"Fetching all products","method":"GET","path":"/api/products/list","timestamp":"2025-04-03T11:42:16.749Z","username":"Unknown"}
{"ip":"::1","level":"info","message":"Fetched 6 Products","method":"GET","path":"/api/products/list","timestamp":"2025-04-03T11:42:16.758Z","username":"Unknown"}
{"ip":"::1","level":"info","message":"Fetching all products","method":"GET","path":"/api/products/list","timestamp":"2025-04-03T11:42:19.201Z","username":"Unknown"}
{"ip":"::1","level":"info","message":"Fetched 6 Products","method":"GET","path":"/api/products/list","timestamp":"2025-04-03T11:42:19.209Z","username":"Unknown"}
{"ip":"::1","level":"info","message":"Fetching all products","method":"GET","path":"/api/products/list","timestamp":"2025-04-03T11:42:19.235Z","username":"Unknown"}
{"ip":"::1","level":"info","message":"Fetched 6 Products","method":"GET","path":"/api/products/list","timestamp":"2025-04-03T11:42:19.247Z","username":"Unknown"}
{"ip":"::1","level":"info","message":"Fetching all products","method":"GET","path":"/api/products/list","timestamp":"2025-04-03T11:42:19.260Z","username":"Unknown"}
{"ip":"::1","level":"info","message":"Fetched 6 Products","method":"GET","path":"/api/products/list","timestamp":"2025-04-03T11:42:19.284Z","username":"Unknown"}
{"ip":"::1","level":"info","message":"Fetching all products","method":"GET","path":"/api/products/list","timestamp":"2025-04-03T11:42:19.306Z","username":"Unknown"}
{"ip":"::1","level":"info","message":"Fetched 6 Products","method":"GET","path":"/api/products/list","timestamp":"2025-04-03T11:42:19.322Z","username":"Unknown"}
{"ip":"::1","level":"info","message":"Fetching all products","method":"GET","path":"/api/products/list","timestamp":"2025-04-03T11:42:20.674Z","username":"Unknown"}
{"ip":"::1","level":"info","message":"Fetched 6 Products","method":"GET","path":"/api/products/list","timestamp":"2025-04-03T11:42:20.679Z","username":"Unknown"}
{"ip":"::1","level":"info","message":"Fetching all products","method":"GET","path":"/api/products/list","timestamp":"2025-04-03T11:42:20.690Z","username":"Unknown"}
{"ip":"::1","level":"info","message":"Fetched 6 Products","method":"GET","path":"/api/products/list","timestamp":"2025-04-03T11:42:20.700Z","username":"Unknown"}
{"ip":"::1","level":"info","message":"Fetching all products","method":"GET","path":"/api/products/list","timestamp":"2025-04-03T11:42:20.710Z","username":"Unknown"}
{"ip":"::1","level":"info","message":"Fetched 6 Products","method":"GET","path":"/api/products/list","timestamp":"2025-04-03T11:42:20.730Z","username":"Unknown"}
{"ip":"::1","level":"info","message":"Fetching all products","method":"GET","path":"/api/products/list","timestamp":"2025-04-03T11:42:20.746Z","username":"Unknown"}
{"ip":"::1","level":"info","message":"Fetched 6 Products","method":"GET","path":"/api/products/list","timestamp":"2025-04-03T11:42:20.769Z","username":"Unknown"}
{"ip":"::1","level":"info","message":"Fetching all products","method":"GET","path":"/api/products/list","timestamp":"2025-04-03T11:42:30.222Z","username":"Unknown"}
{"ip":"::1","level":"info","message":"Fetched 6 Products","method":"GET","path":"/api/products/list","timestamp":"2025-04-03T11:42:30.230Z","username":"Unknown"}
{"ip":"::1","level":"info","message":"Fetching all products","method":"GET","path":"/api/products/list","timestamp":"2025-04-03T11:42:30.244Z","username":"Unknown"}
{"ip":"::1","level":"info","message":"Fetched 6 Products","method":"GET","path":"/api/products/list","timestamp":"2025-04-03T11:42:30.255Z","username":"Unknown"}
{"ip":"::1","level":"info","message":"Fetching all products","method":"GET","path":"/api/products/list","timestamp":"2025-04-03T11:42:30.268Z","username":"Unknown"}
{"ip":"::1","level":"info","message":"Fetched 6 Products","method":"GET","path":"/api/products/list","timestamp":"2025-04-03T11:42:30.273Z","username":"Unknown"}
{"ip":"::1","level":"info","message":"Fetching all products","method":"GET","path":"/api/products/list","timestamp":"2025-04-03T11:42:30.285Z","username":"Unknown"}
{"ip":"::1","level":"info","message":"Fetched 6 Products","method":"GET","path":"/api/products/list","timestamp":"2025-04-03T11:42:30.291Z","username":"Unknown"}
{"ip":"::1","level":"info","message":"Fetching all products","method":"GET","path":"/api/products/list","timestamp":"2025-04-03T11:42:35.314Z","username":"Unknown"}
{"ip":"::1","level":"info","message":"Fetched 6 Products","method":"GET","path":"/api/products/list","timestamp":"2025-04-03T11:42:35.319Z","username":"Unknown"}
{"ip":"::1","level":"info","message":"Fetching all products","method":"GET","path":"/api/products/list","timestamp":"2025-04-03T11:42:35.325Z","username":"Unknown"}
{"ip":"::1","level":"info","message":"Fetched 6 Products","method":"GET","path":"/api/products/list","timestamp":"2025-04-03T11:42:35.330Z","username":"Unknown"}
{"ip":"::1","level":"info","message":"Fetching all products","method":"GET","path":"/api/products/list","timestamp":"2025-04-03T11:42:35.341Z","username":"Unknown"}
{"ip":"::1","level":"info","message":"Fetched 6 Products","method":"GET","path":"/api/products/list","timestamp":"2025-04-03T11:42:35.350Z","username":"Unknown"}
{"ip":"::1","level":"info","message":"Fetching all products","method":"GET","path":"/api/products/list","timestamp":"2025-04-03T11:42:35.357Z","username":"Unknown"}
{"ip":"::1","level":"info","message":"Fetched 6 Products","method":"GET","path":"/api/products/list","timestamp":"2025-04-03T11:42:35.369Z","username":"Unknown"}
{"ip":"::1","level":"info","message":"Fetching all products","method":"GET","path":"/api/products/list","timestamp":"2025-04-03T11:42:44.066Z","username":"Unknown"}
{"ip":"::1","level":"info","message":"Fetched 6 Products","method":"GET","path":"/api/products/list","timestamp":"2025-04-03T11:42:44.071Z","username":"Unknown"}
{"ip":"::1","level":"info","message":"Fetching all products","method":"GET","path":"/api/products/list","timestamp":"2025-04-03T11:42:44.076Z","username":"Unknown"}
{"ip":"::1","level":"info","message":"Fetched 6 Products","method":"GET","path":"/api/products/list","timestamp":"2025-04-03T11:42:44.082Z","username":"Unknown"}
{"ip":"::1","level":"info","message":"Fetching all products","method":"GET","path":"/api/products/list","timestamp":"2025-04-03T11:42:44.092Z","username":"Unknown"}
{"ip":"::1","level":"info","message":"Fetched 6 Products","method":"GET","path":"/api/products/list","timestamp":"2025-04-03T11:42:44.100Z","username":"Unknown"}
{"ip":"::1","level":"info","message":"Fetching all products","method":"GET","path":"/api/products/list","timestamp":"2025-04-03T11:42:44.107Z","username":"Unknown"}
{"ip":"::1","level":"info","message":"Fetched 6 Products","method":"GET","path":"/api/products/list","timestamp":"2025-04-03T11:42:44.118Z","username":"Unknown"}
{"ip":"::1","level":"info","message":"Fetching all products","method":"GET","path":"/api/products/list","timestamp":"2025-04-03T11:42:48.725Z","username":"Unknown"}
{"ip":"::1","level":"info","message":"Fetched 6 Products","method":"GET","path":"/api/products/list","timestamp":"2025-04-03T11:42:48.731Z","username":"Unknown"}
{"ip":"::1","level":"info","message":"Fetching all products","method":"GET","path":"/api/products/list","timestamp":"2025-04-03T11:42:48.744Z","username":"Unknown"}
{"ip":"::1","level":"info","message":"Fetched 6 Products","method":"GET","path":"/api/products/list","timestamp":"2025-04-03T11:42:48.752Z","username":"Unknown"}
{"ip":"::1","level":"info","message":"Fetching all products","method":"GET","path":"/api/products/list","timestamp":"2025-04-03T11:42:48.761Z","username":"Unknown"}
{"ip":"::1","level":"info","message":"Fetched 6 Products","method":"GET","path":"/api/products/list","timestamp":"2025-04-03T11:42:48.772Z","username":"Unknown"}
{"ip":"::1","level":"info","message":"Fetching all products","method":"GET","path":"/api/products/list","timestamp":"2025-04-03T11:42:48.782Z","username":"Unknown"}
{"ip":"::1","level":"info","message":"Fetched 6 Products","method":"GET","path":"/api/products/list","timestamp":"2025-04-03T11:42:48.789Z","username":"Unknown"}
{"ip":"::1","level":"info","message":"Fetching all products","method":"GET","path":"/api/products/list","timestamp":"2025-04-03T11:42:51.501Z","username":"Unknown"}
{"ip":"::1","level":"info","message":"Fetched 6 Products","method":"GET","path":"/api/products/list","timestamp":"2025-04-03T11:42:51.511Z","username":"Unknown"}
{"ip":"::1","level":"info","message":"Fetching all products","method":"GET","path":"/api/products/list","timestamp":"2025-04-03T11:42:51.520Z","username":"Unknown"}
{"ip":"::1","level":"info","message":"Fetched 6 Products","method":"GET","path":"/api/products/list","timestamp":"2025-04-03T11:42:51.535Z","username":"Unknown"}
{"ip":"::1","level":"info","message":"Fetching all products","method":"GET","path":"/api/products/list","timestamp":"2025-04-03T11:42:51.544Z","username":"Unknown"}
{"ip":"::1","level":"info","message":"Fetched 6 Products","method":"GET","path":"/api/products/list","timestamp":"2025-04-03T11:42:51.556Z","username":"Unknown"}
{"ip":"::1","level":"info","message":"Fetching all products","method":"GET","path":"/api/products/list","timestamp":"2025-04-03T11:42:51.567Z","username":"Unknown"}
{"ip":"::1","level":"info","message":"Fetched 6 Products","method":"GET","path":"/api/products/list","timestamp":"2025-04-03T11:42:51.591Z","username":"Unknown"}
{"ip":"::1","level":"info","message":"Fetching all products","method":"GET","path":"/api/products/list","timestamp":"2025-04-03T11:42:56.679Z","username":"Unknown"}
{"ip":"::1","level":"info","message":"Fetched 6 Products","method":"GET","path":"/api/products/list","timestamp":"2025-04-03T11:42:56.683Z","username":"Unknown"}
{"ip":"::1","level":"info","message":"Fetching all products","method":"GET","path":"/api/products/list","timestamp":"2025-04-03T11:42:56.688Z","username":"Unknown"}
{"ip":"::1","level":"info","message":"Fetched 6 Products","method":"GET","path":"/api/products/list","timestamp":"2025-04-03T11:42:56.692Z","username":"Unknown"}
{"ip":"::1","level":"info","message":"Fetching all products","method":"GET","path":"/api/products/list","timestamp":"2025-04-03T11:42:56.703Z","username":"Unknown"}
{"ip":"::1","level":"info","message":"Fetched 6 Products","method":"GET","path":"/api/products/list","timestamp":"2025-04-03T11:42:56.709Z","username":"Unknown"}
{"ip":"::1","level":"info","message":"Fetching all products","method":"GET","path":"/api/products/list","timestamp":"2025-04-03T11:42:56.720Z","username":"Unknown"}
{"ip":"::1","level":"info","message":"Fetched 6 Products","method":"GET","path":"/api/products/list","timestamp":"2025-04-03T11:42:56.728Z","username":"Unknown"}
{"ip":"::1","level":"info","message":"Fetching all products","method":"GET","path":"/api/products/list","timestamp":"2025-04-03T11:43:02.523Z","username":"Unknown"}
{"ip":"::1","level":"info","message":"Fetched 6 Products","method":"GET","path":"/api/products/list","timestamp":"2025-04-03T11:43:02.529Z","username":"Unknown"}
{"ip":"::1","level":"info","message":"Fetching all products","method":"GET","path":"/api/products/list","timestamp":"2025-04-03T11:43:02.546Z","username":"Unknown"}
{"ip":"::1","level":"info","message":"Fetched 6 Products","method":"GET","path":"/api/products/list","timestamp":"2025-04-03T11:43:02.555Z","username":"Unknown"}
{"ip":"::1","level":"info","message":"Fetching all products","method":"GET","path":"/api/products/list","timestamp":"2025-04-03T11:43:02.627Z","username":"Unknown"}
{"ip":"::1","level":"info","message":"Fetched 6 Products","method":"GET","path":"/api/products/list","timestamp":"2025-04-03T11:43:02.647Z","username":"Unknown"}
{"ip":"::1","level":"info","message":"Fetching all products","method":"GET","path":"/api/products/list","timestamp":"2025-04-03T11:43:02.702Z","username":"Unknown"}
{"ip":"::1","level":"info","message":"Fetched 6 Products","method":"GET","path":"/api/products/list","timestamp":"2025-04-03T11:43:02.715Z","username":"Unknown"}
{"ip":"::1","level":"info","message":"Fetching all products","method":"GET","path":"/api/products/list","timestamp":"2025-04-03T11:43:04.904Z","username":"Unknown"}
{"ip":"::1","level":"info","message":"Fetched 6 Products","method":"GET","path":"/api/products/list","timestamp":"2025-04-03T11:43:04.909Z","username":"Unknown"}
{"ip":"::1","level":"info","message":"Fetching all products","method":"GET","path":"/api/products/list","timestamp":"2025-04-03T11:43:04.920Z","username":"Unknown"}
{"ip":"::1","level":"info","message":"Fetched 6 Products","method":"GET","path":"/api/products/list","timestamp":"2025-04-03T11:43:04.945Z","username":"Unknown"}
{"ip":"::1","level":"info","message":"Fetching all products","method":"GET","path":"/api/products/list","timestamp":"2025-04-03T11:43:04.960Z","username":"Unknown"}
{"ip":"::1","level":"info","message":"Fetched 6 Products","method":"GET","path":"/api/products/list","timestamp":"2025-04-03T11:43:04.985Z","username":"Unknown"}
{"ip":"::1","level":"info","message":"Fetching all products","method":"GET","path":"/api/products/list","timestamp":"2025-04-03T11:43:05.089Z","username":"Unknown"}
{"ip":"::1","level":"info","message":"Fetched 6 Products","method":"GET","path":"/api/products/list","timestamp":"2025-04-03T11:43:05.099Z","username":"Unknown"}
{"ip":"::1","level":"info","message":"Fetching all products","method":"GET","path":"/api/products/list","timestamp":"2025-04-03T11:43:24.741Z","username":"Unknown"}
{"ip":"::1","level":"info","message":"Fetched 6 Products","method":"GET","path":"/api/products/list","timestamp":"2025-04-03T11:43:24.744Z","username":"Unknown"}
{"ip":"::1","level":"info","message":"Fetching all products","method":"GET","path":"/api/products/list","timestamp":"2025-04-03T11:43:24.754Z","username":"Unknown"}
{"ip":"::1","level":"info","message":"Fetched 6 Products","method":"GET","path":"/api/products/list","timestamp":"2025-04-03T11:43:24.766Z","username":"Unknown"}
{"ip":"::1","level":"info","message":"Fetching all products","method":"GET","path":"/api/products/list","timestamp":"2025-04-03T11:43:24.774Z","username":"Unknown"}
{"ip":"::1","level":"info","message":"Fetched 6 Products","method":"GET","path":"/api/products/list","timestamp":"2025-04-03T11:43:24.785Z","username":"Unknown"}
{"ip":"::1","level":"info","message":"Fetching all products","method":"GET","path":"/api/products/list","timestamp":"2025-04-03T11:43:24.797Z","username":"Unknown"}
{"ip":"::1","level":"info","message":"Fetched 6 Products","method":"GET","path":"/api/products/list","timestamp":"2025-04-03T11:43:24.810Z","username":"Unknown"}
{"ip":"::1","level":"info","message":"Fetching all products","method":"GET","path":"/api/products/list","timestamp":"2025-04-03T11:44:07.794Z","username":"Unknown"}
{"ip":"::1","level":"info","message":"Fetched 6 Products","method":"GET","path":"/api/products/list","timestamp":"2025-04-03T11:44:07.798Z","username":"Unknown"}
{"ip":"::1","level":"info","message":"Fetching all products","method":"GET","path":"/api/products/list","timestamp":"2025-04-03T11:44:07.802Z","username":"Unknown"}
{"ip":"::1","level":"info","message":"Fetched 6 Products","method":"GET","path":"/api/products/list","timestamp":"2025-04-03T11:44:07.807Z","username":"Unknown"}
{"ip":"::1","level":"info","message":"Fetching all products","method":"GET","path":"/api/products/list","timestamp":"2025-04-03T11:44:07.817Z","username":"Unknown"}
{"ip":"::1","level":"info","message":"Fetched 6 Products","method":"GET","path":"/api/products/list","timestamp":"2025-04-03T11:44:07.827Z","username":"Unknown"}
{"ip":"::1","level":"info","message":"Fetching all products","method":"GET","path":"/api/products/list","timestamp":"2025-04-03T11:44:07.834Z","username":"Unknown"}
{"ip":"::1","level":"info","message":"Fetched 6 Products","method":"GET","path":"/api/products/list","timestamp":"2025-04-03T11:44:07.845Z","username":"Unknown"}
{"ip":"::1","level":"info","message":"Fetching all products","method":"GET","path":"/api/products/list","timestamp":"2025-04-03T11:45:00.359Z","username":"Unknown"}
{"ip":"::1","level":"info","message":"Fetched 6 Products","method":"GET","path":"/api/products/list","timestamp":"2025-04-03T11:45:00.364Z","username":"Unknown"}
{"ip":"::1","level":"info","message":"Fetching all products","method":"GET","path":"/api/products/list","timestamp":"2025-04-03T11:45:00.373Z","username":"Unknown"}
{"ip":"::1","level":"info","message":"Fetched 6 Products","method":"GET","path":"/api/products/list","timestamp":"2025-04-03T11:45:00.388Z","username":"Unknown"}
{"ip":"::1","level":"info","message":"Fetching all products","method":"GET","path":"/api/products/list","timestamp":"2025-04-03T11:45:00.395Z","username":"Unknown"}
{"ip":"::1","level":"info","message":"Fetched 6 Products","method":"GET","path":"/api/products/list","timestamp":"2025-04-03T11:45:00.409Z","username":"Unknown"}
{"ip":"::1","level":"info","message":"Fetching all products","method":"GET","path":"/api/products/list","timestamp":"2025-04-03T11:45:00.417Z","username":"Unknown"}
{"ip":"::1","level":"info","message":"Fetched 6 Products","method":"GET","path":"/api/products/list","timestamp":"2025-04-03T11:45:00.426Z","username":"Unknown"}
{"ip":"::1","level":"info","message":"Fetching all products","method":"GET","path":"/api/products/list","timestamp":"2025-04-03T11:45:13.557Z","username":"Unknown"}
{"ip":"::1","level":"info","message":"Fetched 6 Products","method":"GET","path":"/api/products/list","timestamp":"2025-04-03T11:45:13.561Z","username":"Unknown"}
{"ip":"::1","level":"info","message":"Fetching all products","method":"GET","path":"/api/products/list","timestamp":"2025-04-03T11:45:13.576Z","username":"Unknown"}
{"ip":"::1","level":"info","message":"Fetched 6 Products","method":"GET","path":"/api/products/list","timestamp":"2025-04-03T11:45:13.585Z","username":"Unknown"}
{"ip":"::1","level":"info","message":"Fetching all products","method":"GET","path":"/api/products/list","timestamp":"2025-04-03T11:45:13.592Z","username":"Unknown"}
{"ip":"::1","level":"info","message":"Fetched 6 Products","method":"GET","path":"/api/products/list","timestamp":"2025-04-03T11:45:13.601Z","username":"Unknown"}
{"ip":"::1","level":"info","message":"Fetching all products","method":"GET","path":"/api/products/list","timestamp":"2025-04-03T11:45:13.694Z","username":"Unknown"}
{"ip":"::1","level":"info","message":"Fetched 6 Products","method":"GET","path":"/api/products/list","timestamp":"2025-04-03T11:45:13.698Z","username":"Unknown"}
{"ip":"::1","level":"info","message":"Fetching all products","method":"GET","path":"/api/products/list","timestamp":"2025-04-03T11:45:34.166Z","username":"Unknown"}
{"ip":"::1","level":"info","message":"Fetched 6 Products","method":"GET","path":"/api/products/list","timestamp":"2025-04-03T11:45:34.171Z","username":"Unknown"}
{"ip":"::1","level":"info","message":"Fetching all products","method":"GET","path":"/api/products/list","timestamp":"2025-04-03T11:45:34.178Z","username":"Unknown"}
{"ip":"::1","level":"info","message":"Fetched 6 Products","method":"GET","path":"/api/products/list","timestamp":"2025-04-03T11:45:34.190Z","username":"Unknown"}
{"ip":"::1","level":"info","message":"Fetching all products","method":"GET","path":"/api/products/list","timestamp":"2025-04-03T11:45:34.197Z","username":"Unknown"}
{"ip":"::1","level":"info","message":"Fetched 6 Products","method":"GET","path":"/api/products/list","timestamp":"2025-04-03T11:45:34.214Z","username":"Unknown"}
{"ip":"::1","level":"info","message":"Fetching all products","method":"GET","path":"/api/products/list","timestamp":"2025-04-03T11:45:34.224Z","username":"Unknown"}
{"ip":"::1","level":"info","message":"Fetched 6 Products","method":"GET","path":"/api/products/list","timestamp":"2025-04-03T11:45:34.232Z","username":"Unknown"}
{"ip":"::1","level":"info","message":"Fetching all products","method":"GET","path":"/api/products/list","timestamp":"2025-04-03T11:45:37.131Z","username":"Unknown"}
{"ip":"::1","level":"info","message":"Fetched 6 Products","method":"GET","path":"/api/products/list","timestamp":"2025-04-03T11:45:37.136Z","username":"Unknown"}
{"ip":"::1","level":"info","message":"Fetching all products","method":"GET","path":"/api/products/list","timestamp":"2025-04-03T11:45:37.144Z","username":"Unknown"}
{"ip":"::1","level":"info","message":"Fetched 6 Products","method":"GET","path":"/api/products/list","timestamp":"2025-04-03T11:45:37.150Z","username":"Unknown"}
{"ip":"::1","level":"info","message":"Fetching all products","method":"GET","path":"/api/products/list","timestamp":"2025-04-03T11:45:37.157Z","username":"Unknown"}
{"ip":"::1","level":"info","message":"Fetched 6 Products","method":"GET","path":"/api/products/list","timestamp":"2025-04-03T11:45:37.165Z","username":"Unknown"}
{"ip":"::1","level":"info","message":"Fetching all products","method":"GET","path":"/api/products/list","timestamp":"2025-04-03T11:45:37.173Z","username":"Unknown"}
{"ip":"::1","level":"info","message":"Fetched 6 Products","method":"GET","path":"/api/products/list","timestamp":"2025-04-03T11:45:37.179Z","username":"Unknown"}
{"ip":"::1","level":"info","message":"Fetching all products","method":"GET","path":"/api/products/list","timestamp":"2025-04-03T11:49:14.889Z","username":"Unknown"}
{"ip":"::1","level":"info","message":"Fetched 6 Products","method":"GET","path":"/api/products/list","timestamp":"2025-04-03T11:49:14.915Z","username":"Unknown"}
{"ip":"::1","level":"info","message":"Fetching all products","method":"GET","path":"/api/products/list","timestamp":"2025-04-03T11:49:14.931Z","username":"Unknown"}
{"ip":"::1","level":"info","message":"Fetched 6 Products","method":"GET","path":"/api/products/list","timestamp":"2025-04-03T11:49:14.947Z","username":"Unknown"}
{"ip":"::1","level":"info","message":"Fetching all products","method":"GET","path":"/api/products/list","timestamp":"2025-04-03T11:49:15.006Z","username":"Unknown"}
{"ip":"::1","level":"info","message":"Fetched 6 Products","method":"GET","path":"/api/products/list","timestamp":"2025-04-03T11:49:15.060Z","username":"Unknown"}
{"ip":"::1","level":"info","message":"Fetching all products","method":"GET","path":"/api/products/list","timestamp":"2025-04-03T11:49:15.123Z","username":"Unknown"}
{"ip":"::1","level":"info","message":"Fetched 6 Products","method":"GET","path":"/api/products/list","timestamp":"2025-04-03T11:49:15.152Z","username":"Unknown"}
{"ip":"::1","level":"info","message":"Fetching all products","method":"GET","path":"/api/products/list","timestamp":"2025-04-03T11:50:35.276Z","username":"Unknown"}
{"ip":"::1","level":"info","message":"Fetched 6 Products","method":"GET","path":"/api/products/list","timestamp":"2025-04-03T11:50:35.296Z","username":"Unknown"}
{"ip":"::1","level":"info","message":"Fetching all products","method":"GET","path":"/api/products/list","timestamp":"2025-04-03T11:50:35.306Z","username":"Unknown"}
{"ip":"::1","level":"info","message":"Fetched 6 Products","method":"GET","path":"/api/products/list","timestamp":"2025-04-03T11:50:35.316Z","username":"Unknown"}
{"ip":"::1","level":"info","message":"Fetching all products","method":"GET","path":"/api/products/list","timestamp":"2025-04-03T11:50:35.335Z","username":"Unknown"}
{"ip":"::1","level":"info","message":"Fetched 6 Products","method":"GET","path":"/api/products/list","timestamp":"2025-04-03T11:50:35.386Z","username":"Unknown"}
{"ip":"::1","level":"info","message":"Fetching all products","method":"GET","path":"/api/products/list","timestamp":"2025-04-03T11:50:35.411Z","username":"Unknown"}
{"ip":"::1","level":"info","message":"Fetched 6 Products","method":"GET","path":"/api/products/list","timestamp":"2025-04-03T11:50:35.440Z","username":"Unknown"}
{"ip":"::1","level":"info","message":"Fetching all products","method":"GET","path":"/api/products/list","timestamp":"2025-04-03T11:50:37.648Z","username":"Unknown"}
{"ip":"::1","level":"info","message":"Fetched 6 Products","method":"GET","path":"/api/products/list","timestamp":"2025-04-03T11:50:37.654Z","username":"Unknown"}
{"ip":"::1","level":"info","message":"Fetching all products","method":"GET","path":"/api/products/list","timestamp":"2025-04-03T11:50:37.665Z","username":"Unknown"}
{"ip":"::1","level":"info","message":"Fetched 6 Products","method":"GET","path":"/api/products/list","timestamp":"2025-04-03T11:50:37.675Z","username":"Unknown"}
{"ip":"::1","level":"info","message":"Fetching all products","method":"GET","path":"/api/products/list","timestamp":"2025-04-03T11:50:37.685Z","username":"Unknown"}
{"ip":"::1","level":"info","message":"Fetched 6 Products","method":"GET","path":"/api/products/list","timestamp":"2025-04-03T11:50:37.697Z","username":"Unknown"}
{"ip":"::1","level":"info","message":"Fetching all products","method":"GET","path":"/api/products/list","timestamp":"2025-04-03T11:50:37.710Z","username":"Unknown"}
{"ip":"::1","level":"info","message":"Fetched 6 Products","method":"GET","path":"/api/products/list","timestamp":"2025-04-03T11:50:37.745Z","username":"Unknown"}
{"ip":"::1","level":"info","message":"Fetching all products","method":"GET","path":"/api/products/list","timestamp":"2025-04-03T11:50:41.345Z","username":"Unknown"}
{"ip":"::1","level":"info","message":"Fetched 6 Products","method":"GET","path":"/api/products/list","timestamp":"2025-04-03T11:50:41.358Z","username":"Unknown"}
{"ip":"::1","level":"info","message":"Fetching all products","method":"GET","path":"/api/products/list","timestamp":"2025-04-03T11:50:41.365Z","username":"Unknown"}
{"ip":"::1","level":"info","message":"Fetched 6 Products","method":"GET","path":"/api/products/list","timestamp":"2025-04-03T11:50:41.375Z","username":"Unknown"}
{"ip":"::1","level":"info","message":"Fetching all products","method":"GET","path":"/api/products/list","timestamp":"2025-04-03T11:50:41.384Z","username":"Unknown"}
{"ip":"::1","level":"info","message":"Fetched 6 Products","method":"GET","path":"/api/products/list","timestamp":"2025-04-03T11:50:41.395Z","username":"Unknown"}
{"ip":"::1","level":"info","message":"Fetching all products","method":"GET","path":"/api/products/list","timestamp":"2025-04-03T11:50:41.407Z","username":"Unknown"}
{"ip":"::1","level":"info","message":"Fetched 6 Products","method":"GET","path":"/api/products/list","timestamp":"2025-04-03T11:50:41.429Z","username":"Unknown"}
{"ip":"::1","level":"info","message":"Fetching all products","method":"GET","path":"/api/products/list","timestamp":"2025-04-03T11:51:05.136Z","username":"Unknown"}
{"ip":"::1","level":"info","message":"Fetched 6 Products","method":"GET","path":"/api/products/list","timestamp":"2025-04-03T11:51:05.141Z","username":"Unknown"}
{"ip":"::1","level":"info","message":"Fetching all products","method":"GET","path":"/api/products/list","timestamp":"2025-04-03T11:51:05.150Z","username":"Unknown"}
{"ip":"::1","level":"info","message":"Fetched 6 Products","method":"GET","path":"/api/products/list","timestamp":"2025-04-03T11:51:05.158Z","username":"Unknown"}
{"ip":"::1","level":"info","message":"Fetching all products","method":"GET","path":"/api/products/list","timestamp":"2025-04-03T11:51:05.163Z","username":"Unknown"}
{"ip":"::1","level":"info","message":"Fetched 6 Products","method":"GET","path":"/api/products/list","timestamp":"2025-04-03T11:51:05.172Z","username":"Unknown"}
{"ip":"::1","level":"info","message":"Fetching all products","method":"GET","path":"/api/products/list","timestamp":"2025-04-03T11:51:05.180Z","username":"Unknown"}
{"ip":"::1","level":"info","message":"Fetched 6 Products","method":"GET","path":"/api/products/list","timestamp":"2025-04-03T11:51:05.188Z","username":"Unknown"}
{"ip":"::1","level":"info","message":"Fetching all products","method":"GET","path":"/api/products/list","timestamp":"2025-04-03T11:51:07.240Z","username":"Unknown"}
{"ip":"::1","level":"info","message":"Fetched 6 Products","method":"GET","path":"/api/products/list","timestamp":"2025-04-03T11:51:07.249Z","username":"Unknown"}
{"ip":"::1","level":"info","message":"Fetching all products","method":"GET","path":"/api/products/list","timestamp":"2025-04-03T11:51:07.271Z","username":"Unknown"}
{"ip":"::1","level":"info","message":"Fetched 6 Products","method":"GET","path":"/api/products/list","timestamp":"2025-04-03T11:51:07.278Z","username":"Unknown"}
{"ip":"::1","level":"info","message":"Fetching all products","method":"GET","path":"/api/products/list","timestamp":"2025-04-03T11:51:07.290Z","username":"Unknown"}
{"ip":"::1","level":"info","message":"Fetched 6 Products","method":"GET","path":"/api/products/list","timestamp":"2025-04-03T11:51:07.295Z","username":"Unknown"}
{"ip":"::1","level":"info","message":"Fetching all products","method":"GET","path":"/api/products/list","timestamp":"2025-04-03T11:51:07.310Z","username":"Unknown"}
{"ip":"::1","level":"info","message":"Fetched 6 Products","method":"GET","path":"/api/products/list","timestamp":"2025-04-03T11:51:07.318Z","username":"Unknown"}
{"ip":"::1","level":"info","message":"Fetching all products","method":"GET","path":"/api/products/list","timestamp":"2025-04-03T11:51:11.996Z","username":"Unknown"}
{"ip":"::1","level":"info","message":"Fetched 6 Products","method":"GET","path":"/api/products/list","timestamp":"2025-04-03T11:51:12.001Z","username":"Unknown"}
{"ip":"::1","level":"info","message":"Fetching all products","method":"GET","path":"/api/products/list","timestamp":"2025-04-03T11:51:12.010Z","username":"Unknown"}
{"ip":"::1","level":"info","message":"Fetched 6 Products","method":"GET","path":"/api/products/list","timestamp":"2025-04-03T11:51:12.020Z","username":"Unknown"}
{"ip":"::1","level":"info","message":"Fetching all products","method":"GET","path":"/api/products/list","timestamp":"2025-04-03T11:51:12.038Z","username":"Unknown"}
{"ip":"::1","level":"info","message":"Fetched 6 Products","method":"GET","path":"/api/products/list","timestamp":"2025-04-03T11:51:12.048Z","username":"Unknown"}
{"ip":"::1","level":"info","message":"Fetching all products","method":"GET","path":"/api/products/list","timestamp":"2025-04-03T11:51:12.060Z","username":"Unknown"}
{"ip":"::1","level":"info","message":"Fetched 6 Products","method":"GET","path":"/api/products/list","timestamp":"2025-04-03T11:51:12.073Z","username":"Unknown"}
{"ip":"::1","level":"info","message":"Fetching all products","method":"GET","path":"/api/products/list","timestamp":"2025-04-03T11:51:16.513Z","username":"Unknown"}
{"ip":"::1","level":"info","message":"Fetched 6 Products","method":"GET","path":"/api/products/list","timestamp":"2025-04-03T11:51:16.516Z","username":"Unknown"}
{"ip":"::1","level":"info","message":"Fetching all products","method":"GET","path":"/api/products/list","timestamp":"2025-04-03T11:51:16.526Z","username":"Unknown"}
{"ip":"::1","level":"info","message":"Fetched 6 Products","method":"GET","path":"/api/products/list","timestamp":"2025-04-03T11:51:16.533Z","username":"Unknown"}
{"ip":"::1","level":"info","message":"Fetching all products","method":"GET","path":"/api/products/list","timestamp":"2025-04-03T11:51:16.541Z","username":"Unknown"}
{"ip":"::1","level":"info","message":"Fetched 6 Products","method":"GET","path":"/api/products/list","timestamp":"2025-04-03T11:51:16.553Z","username":"Unknown"}
{"ip":"::1","level":"info","message":"Fetching all products","method":"GET","path":"/api/products/list","timestamp":"2025-04-03T11:51:16.564Z","username":"Unknown"}
{"ip":"::1","level":"info","message":"Fetched 6 Products","method":"GET","path":"/api/products/list","timestamp":"2025-04-03T11:51:16.571Z","username":"Unknown"}
{"ip":"::1","level":"info","message":"Fetching all products","method":"GET","path":"/api/products/list","timestamp":"2025-04-03T11:51:29.730Z","username":"Unknown"}
{"ip":"::1","level":"info","message":"Fetched 6 Products","method":"GET","path":"/api/products/list","timestamp":"2025-04-03T11:51:29.733Z","username":"Unknown"}
{"ip":"::1","level":"info","message":"Fetching all products","method":"GET","path":"/api/products/list","timestamp":"2025-04-03T11:51:29.742Z","username":"Unknown"}
{"ip":"::1","level":"info","message":"Fetched 6 Products","method":"GET","path":"/api/products/list","timestamp":"2025-04-03T11:51:29.752Z","username":"Unknown"}
{"ip":"::1","level":"info","message":"Fetching all products","method":"GET","path":"/api/products/list","timestamp":"2025-04-03T11:51:29.759Z","username":"Unknown"}
{"ip":"::1","level":"info","message":"Fetched 6 Products","method":"GET","path":"/api/products/list","timestamp":"2025-04-03T11:51:29.768Z","username":"Unknown"}
{"ip":"::1","level":"info","message":"Fetching all products","method":"GET","path":"/api/products/list","timestamp":"2025-04-03T11:51:29.787Z","username":"Unknown"}
{"ip":"::1","level":"info","message":"Fetched 6 Products","method":"GET","path":"/api/products/list","timestamp":"2025-04-03T11:51:29.797Z","username":"Unknown"}
{"ip":"::1","level":"info","message":"Fetching all products","method":"GET","path":"/api/products/list","timestamp":"2025-04-03T11:51:32.265Z","username":"Unknown"}
{"ip":"::1","level":"info","message":"Fetched 6 Products","method":"GET","path":"/api/products/list","timestamp":"2025-04-03T11:51:32.269Z","username":"Unknown"}
{"ip":"::1","level":"info","message":"Fetching all products","method":"GET","path":"/api/products/list","timestamp":"2025-04-03T11:51:32.280Z","username":"Unknown"}
{"ip":"::1","level":"info","message":"Fetched 6 Products","method":"GET","path":"/api/products/list","timestamp":"2025-04-03T11:51:32.289Z","username":"Unknown"}
{"ip":"::1","level":"info","message":"Fetching all products","method":"GET","path":"/api/products/list","timestamp":"2025-04-03T11:51:32.297Z","username":"Unknown"}
{"ip":"::1","level":"info","message":"Fetched 6 Products","method":"GET","path":"/api/products/list","timestamp":"2025-04-03T11:51:32.304Z","username":"Unknown"}
{"ip":"::1","level":"info","message":"Fetching all products","method":"GET","path":"/api/products/list","timestamp":"2025-04-03T11:51:32.315Z","username":"Unknown"}
{"ip":"::1","level":"info","message":"Fetched 6 Products","method":"GET","path":"/api/products/list","timestamp":"2025-04-03T11:51:32.323Z","username":"Unknown"}
{"ip":"::1","level":"info","message":"Fetching all products","method":"GET","path":"/api/products/list","timestamp":"2025-04-03T11:51:42.903Z","username":"Unknown"}
{"ip":"::1","level":"info","message":"Fetched 6 Products","method":"GET","path":"/api/products/list","timestamp":"2025-04-03T11:51:42.909Z","username":"Unknown"}
{"ip":"::1","level":"info","message":"Fetching all products","method":"GET","path":"/api/products/list","timestamp":"2025-04-03T11:51:42.918Z","username":"Unknown"}
{"ip":"::1","level":"info","message":"Fetched 6 Products","method":"GET","path":"/api/products/list","timestamp":"2025-04-03T11:51:42.933Z","username":"Unknown"}
{"ip":"::1","level":"info","message":"Fetching all products","method":"GET","path":"/api/products/list","timestamp":"2025-04-03T11:51:42.957Z","username":"Unknown"}
{"ip":"::1","level":"info","message":"Fetched 6 Products","method":"GET","path":"/api/products/list","timestamp":"2025-04-03T11:51:42.971Z","username":"Unknown"}
{"ip":"::1","level":"info","message":"Fetching all products","method":"GET","path":"/api/products/list","timestamp":"2025-04-03T11:51:42.985Z","username":"Unknown"}
{"ip":"::1","level":"info","message":"Fetched 6 Products","method":"GET","path":"/api/products/list","timestamp":"2025-04-03T11:51:43.042Z","username":"Unknown"}
{"ip":"::1","level":"info","message":"Fetching all products","method":"GET","path":"/api/products/list","timestamp":"2025-04-03T11:52:10.242Z","username":"Unknown"}
{"ip":"::1","level":"info","message":"Fetched 6 Products","method":"GET","path":"/api/products/list","timestamp":"2025-04-03T11:52:10.247Z","username":"Unknown"}
{"ip":"::1","level":"info","message":"Fetching all products","method":"GET","path":"/api/products/list","timestamp":"2025-04-03T11:52:10.259Z","username":"Unknown"}
{"ip":"::1","level":"info","message":"Fetched 6 Products","method":"GET","path":"/api/products/list","timestamp":"2025-04-03T11:52:10.269Z","username":"Unknown"}
{"ip":"::1","level":"info","message":"Fetching all products","method":"GET","path":"/api/products/list","timestamp":"2025-04-03T11:52:10.276Z","username":"Unknown"}
{"ip":"::1","level":"info","message":"Fetched 6 Products","method":"GET","path":"/api/products/list","timestamp":"2025-04-03T11:52:10.286Z","username":"Unknown"}
{"ip":"::1","level":"info","message":"Fetching all products","method":"GET","path":"/api/products/list","timestamp":"2025-04-03T11:52:10.297Z","username":"Unknown"}
{"ip":"::1","level":"info","message":"Fetched 6 Products","method":"GET","path":"/api/products/list","timestamp":"2025-04-03T11:52:10.309Z","username":"Unknown"}
{"ip":"::1","level":"info","message":"Fetching all products","method":"GET","path":"/api/products/list","timestamp":"2025-04-03T11:52:12.059Z","username":"Unknown"}
{"ip":"::1","level":"info","message":"Fetched 6 Products","method":"GET","path":"/api/products/list","timestamp":"2025-04-03T11:52:12.068Z","username":"Unknown"}
{"ip":"::1","level":"info","message":"Fetching all products","method":"GET","path":"/api/products/list","timestamp":"2025-04-03T11:52:12.148Z","username":"Unknown"}
{"ip":"::1","level":"info","message":"Fetched 6 Products","method":"GET","path":"/api/products/list","timestamp":"2025-04-03T11:52:12.169Z","username":"Unknown"}
{"ip":"::1","level":"info","message":"Fetching all products","method":"GET","path":"/api/products/list","timestamp":"2025-04-03T11:52:12.185Z","username":"Unknown"}
{"ip":"::1","level":"info","message":"Fetched 6 Products","method":"GET","path":"/api/products/list","timestamp":"2025-04-03T11:52:12.214Z","username":"Unknown"}
{"ip":"::1","level":"info","message":"Fetching all products","method":"GET","path":"/api/products/list","timestamp":"2025-04-03T11:52:12.226Z","username":"Unknown"}
{"ip":"::1","level":"info","message":"Fetched 6 Products","method":"GET","path":"/api/products/list","timestamp":"2025-04-03T11:52:12.231Z","username":"Unknown"}
{"ip":"::1","level":"info","message":"Fetching all products","method":"GET","path":"/api/products/list","timestamp":"2025-04-03T11:52:14.363Z","username":"Unknown"}
{"ip":"::1","level":"info","message":"Fetched 6 Products","method":"GET","path":"/api/products/list","timestamp":"2025-04-03T11:52:14.368Z","username":"Unknown"}
{"ip":"::1","level":"info","message":"Fetching all products","method":"GET","path":"/api/products/list","timestamp":"2025-04-03T11:52:14.380Z","username":"Unknown"}
{"ip":"::1","level":"info","message":"Fetched 6 Products","method":"GET","path":"/api/products/list","timestamp":"2025-04-03T11:52:14.386Z","username":"Unknown"}
{"ip":"::1","level":"info","message":"Fetching all products","method":"GET","path":"/api/products/list","timestamp":"2025-04-03T11:52:14.392Z","username":"Unknown"}
{"ip":"::1","level":"info","message":"Fetched 6 Products","method":"GET","path":"/api/products/list","timestamp":"2025-04-03T11:52:14.399Z","username":"Unknown"}
{"ip":"::1","level":"info","message":"Fetching all products","method":"GET","path":"/api/products/list","timestamp":"2025-04-03T11:52:14.411Z","username":"Unknown"}
{"ip":"::1","level":"info","message":"Fetched 6 Products","method":"GET","path":"/api/products/list","timestamp":"2025-04-03T11:52:14.419Z","username":"Unknown"}
{"ip":"::1","level":"info","message":"Fetching all products","method":"GET","path":"/api/products/list","timestamp":"2025-04-03T11:52:17.366Z","username":"Unknown"}
{"ip":"::1","level":"info","message":"Fetched 6 Products","method":"GET","path":"/api/products/list","timestamp":"2025-04-03T11:52:17.370Z","username":"Unknown"}
{"ip":"::1","level":"info","message":"Fetching all products","method":"GET","path":"/api/products/list","timestamp":"2025-04-03T11:52:17.375Z","username":"Unknown"}
{"ip":"::1","level":"info","message":"Fetched 6 Products","method":"GET","path":"/api/products/list","timestamp":"2025-04-03T11:52:17.385Z","username":"Unknown"}
{"ip":"::1","level":"info","message":"Fetching all products","method":"GET","path":"/api/products/list","timestamp":"2025-04-03T11:52:17.390Z","username":"Unknown"}
{"ip":"::1","level":"info","message":"Fetched 6 Products","method":"GET","path":"/api/products/list","timestamp":"2025-04-03T11:52:17.401Z","username":"Unknown"}
{"ip":"::1","level":"info","message":"Fetching all products","method":"GET","path":"/api/products/list","timestamp":"2025-04-03T11:52:17.410Z","username":"Unknown"}
{"ip":"::1","level":"info","message":"Fetched 6 Products","method":"GET","path":"/api/products/list","timestamp":"2025-04-03T11:52:17.419Z","username":"Unknown"}
{"ip":"::1","level":"info","message":"Fetching all products","method":"GET","path":"/api/products/list","timestamp":"2025-04-03T11:52:19.063Z","username":"Unknown"}
{"ip":"::1","level":"info","message":"Fetched 6 Products","method":"GET","path":"/api/products/list","timestamp":"2025-04-03T11:52:19.066Z","username":"Unknown"}
{"ip":"::1","level":"info","message":"Fetching all products","method":"GET","path":"/api/products/list","timestamp":"2025-04-03T11:52:19.078Z","username":"Unknown"}
{"ip":"::1","level":"info","message":"Fetched 6 Products","method":"GET","path":"/api/products/list","timestamp":"2025-04-03T11:52:19.085Z","username":"Unknown"}
{"ip":"::1","level":"info","message":"Fetching all products","method":"GET","path":"/api/products/list","timestamp":"2025-04-03T11:52:19.096Z","username":"Unknown"}
{"ip":"::1","level":"info","message":"Fetched 6 Products","method":"GET","path":"/api/products/list","timestamp":"2025-04-03T11:52:19.105Z","username":"Unknown"}
{"ip":"::1","level":"info","message":"Fetching all products","method":"GET","path":"/api/products/list","timestamp":"2025-04-03T11:52:19.115Z","username":"Unknown"}
{"ip":"::1","level":"info","message":"Fetched 6 Products","method":"GET","path":"/api/products/list","timestamp":"2025-04-03T11:52:19.123Z","username":"Unknown"}
{"ip":"::1","level":"info","message":"Fetching all products","method":"GET","path":"/api/products/list","timestamp":"2025-04-03T11:54:08.059Z","username":"Unknown"}
{"ip":"::1","level":"info","message":"Fetched 6 Products","method":"GET","path":"/api/products/list","timestamp":"2025-04-03T11:54:08.063Z","username":"Unknown"}
{"ip":"::1","level":"info","message":"Fetching all products","method":"GET","path":"/api/products/list","timestamp":"2025-04-03T11:54:08.067Z","username":"Unknown"}
{"ip":"::1","level":"info","message":"Fetched 6 Products","method":"GET","path":"/api/products/list","timestamp":"2025-04-03T11:54:08.071Z","username":"Unknown"}
{"ip":"::1","level":"info","message":"Fetching all products","method":"GET","path":"/api/products/list","timestamp":"2025-04-03T11:54:08.079Z","username":"Unknown"}
{"ip":"::1","level":"info","message":"Fetched 6 Products","method":"GET","path":"/api/products/list","timestamp":"2025-04-03T11:54:08.085Z","username":"Unknown"}
{"ip":"::1","level":"info","message":"Fetching all products","method":"GET","path":"/api/products/list","timestamp":"2025-04-03T11:54:08.094Z","username":"Unknown"}
{"ip":"::1","level":"info","message":"Fetched 6 Products","method":"GET","path":"/api/products/list","timestamp":"2025-04-03T11:54:08.102Z","username":"Unknown"}
{"ip":"::1","level":"info","message":"Fetching all products","method":"GET","path":"/api/products/list","timestamp":"2025-04-03T11:54:11.785Z","username":"Unknown"}
{"ip":"::1","level":"info","message":"Fetched 6 Products","method":"GET","path":"/api/products/list","timestamp":"2025-04-03T11:54:11.790Z","username":"Unknown"}
{"ip":"::1","level":"info","message":"Fetching all products","method":"GET","path":"/api/products/list","timestamp":"2025-04-03T11:54:11.795Z","username":"Unknown"}
{"ip":"::1","level":"info","message":"Fetched 6 Products","method":"GET","path":"/api/products/list","timestamp":"2025-04-03T11:54:11.801Z","username":"Unknown"}
{"ip":"::1","level":"info","message":"Fetching all products","method":"GET","path":"/api/products/list","timestamp":"2025-04-03T11:54:39.067Z","username":"Unknown"}
{"ip":"::1","level":"info","message":"Fetched 6 Products","method":"GET","path":"/api/products/list","timestamp":"2025-04-03T11:54:39.071Z","username":"Unknown"}
{"ip":"::1","level":"info","message":"Fetching all products","method":"GET","path":"/api/products/list","timestamp":"2025-04-03T11:54:39.075Z","username":"Unknown"}
{"ip":"::1","level":"info","message":"Fetched 6 Products","method":"GET","path":"/api/products/list","timestamp":"2025-04-03T11:54:39.079Z","username":"Unknown"}
{"ip":"::1","level":"info","message":"Fetching all products","method":"GET","path":"/api/products/list","timestamp":"2025-04-03T11:54:40.272Z","username":"Unknown"}
{"ip":"::1","level":"info","message":"Fetched 6 Products","method":"GET","path":"/api/products/list","timestamp":"2025-04-03T11:54:40.277Z","username":"Unknown"}
{"ip":"::1","level":"info","message":"Fetching all products","method":"GET","path":"/api/products/list","timestamp":"2025-04-03T11:54:43.067Z","username":"Unknown"}
{"ip":"::1","level":"info","message":"Fetched 6 Products","method":"GET","path":"/api/products/list","timestamp":"2025-04-03T11:54:43.070Z","username":"Unknown"}
{"ip":"::1","level":"info","message":"Fetching all products","method":"GET","path":"/api/products/list","timestamp":"2025-04-03T11:54:45.075Z","username":"Unknown"}
{"ip":"::1","level":"info","message":"Fetched 6 Products","method":"GET","path":"/api/products/list","timestamp":"2025-04-03T11:54:45.079Z","username":"Unknown"}
{"ip":"::1","level":"info","message":"Fetching all products","method":"GET","path":"/api/products/list","timestamp":"2025-04-03T11:54:46.578Z","username":"Unknown"}
{"ip":"::1","level":"info","message":"Fetched 6 Products","method":"GET","path":"/api/products/list","timestamp":"2025-04-03T11:54:46.581Z","username":"Unknown"}
{"ip":"::1","level":"info","message":"Fetching all products","method":"GET","path":"/api/products/list","timestamp":"2025-04-03T11:56:14.552Z","username":"Unknown"}
{"ip":"::1","level":"info","message":"Fetched 6 Products","method":"GET","path":"/api/products/list","timestamp":"2025-04-03T11:56:14.557Z","username":"Unknown"}
{"ip":"::1","level":"info","message":"Fetching all products","method":"GET","path":"/api/products/list","timestamp":"2025-04-03T11:56:14.570Z","username":"Unknown"}
{"ip":"::1","level":"info","message":"Fetched 6 Products","method":"GET","path":"/api/products/list","timestamp":"2025-04-03T11:56:14.575Z","username":"Unknown"}
{"ip":"::1","level":"info","message":"Fetching all products","method":"GET","path":"/api/products/list","timestamp":"2025-04-03T11:58:41.975Z","username":"Unknown"}
{"ip":"::1","level":"info","message":"Fetched 6 Products","method":"GET","path":"/api/products/list","timestamp":"2025-04-03T11:58:41.988Z","username":"Unknown"}
{"ip":"::1","level":"info","message":"Fetching all products","method":"GET","path":"/api/products/list","timestamp":"2025-04-03T11:58:42.016Z","username":"Unknown"}
{"ip":"::1","level":"info","message":"Fetched 6 Products","method":"GET","path":"/api/products/list","timestamp":"2025-04-03T11:58:42.021Z","username":"Unknown"}
{"ip":"::1","level":"info","message":"Fetching all products","method":"GET","path":"/api/products/list","timestamp":"2025-04-03T11:58:55.766Z","username":"Unknown"}
{"ip":"::1","level":"info","message":"Fetched 6 Products","method":"GET","path":"/api/products/list","timestamp":"2025-04-03T11:58:55.774Z","username":"Unknown"}
{"ip":"::1","level":"info","message":"Fetching all products","method":"GET","path":"/api/products/list","timestamp":"2025-04-03T11:58:55.787Z","username":"Unknown"}
{"ip":"::1","level":"info","message":"Fetched 6 Products","method":"GET","path":"/api/products/list","timestamp":"2025-04-03T11:58:55.796Z","username":"Unknown"}
{"ip":"::1","level":"info","message":"Fetching all products","method":"GET","path":"/api/products/list","timestamp":"2025-04-03T11:59:07.329Z","username":"Unknown"}
{"ip":"::1","level":"info","message":"Fetched 6 Products","method":"GET","path":"/api/products/list","timestamp":"2025-04-03T11:59:07.351Z","username":"Unknown"}
{"ip":"::1","level":"info","message":"Fetching all products","method":"GET","path":"/api/products/list","timestamp":"2025-04-03T11:59:07.367Z","username":"Unknown"}
{"ip":"::1","level":"info","message":"Fetched 6 Products","method":"GET","path":"/api/products/list","timestamp":"2025-04-03T11:59:07.380Z","username":"Unknown"}
{"ip":"::1","level":"info","message":"Fetching all products","method":"GET","path":"/api/products/list","timestamp":"2025-04-03T12:01:16.621Z","username":"Unknown"}
{"ip":"::1","level":"info","message":"Fetched 6 Products","method":"GET","path":"/api/products/list","timestamp":"2025-04-03T12:01:16.630Z","username":"Unknown"}
{"ip":"::1","level":"info","message":"Fetching all products","method":"GET","path":"/api/products/list","timestamp":"2025-04-03T12:01:16.644Z","username":"Unknown"}
{"ip":"::1","level":"info","message":"Fetched 6 Products","method":"GET","path":"/api/products/list","timestamp":"2025-04-03T12:01:16.659Z","username":"Unknown"}
{"ip":"::1","level":"info","message":"Fetching all products","method":"GET","path":"/api/products/list","timestamp":"2025-04-03T12:01:19.828Z","username":"Unknown"}
{"ip":"::1","level":"info","message":"Fetched 6 Products","method":"GET","path":"/api/products/list","timestamp":"2025-04-03T12:01:19.834Z","username":"Unknown"}
{"ip":"::1","level":"info","message":"Fetching all products","method":"GET","path":"/api/products/list","timestamp":"2025-04-03T12:01:19.844Z","username":"Unknown"}
{"ip":"::1","level":"info","message":"Fetched 6 Products","method":"GET","path":"/api/products/list","timestamp":"2025-04-03T12:01:19.853Z","username":"Unknown"}
{"ip":"::1","level":"info","message":"Fetching all products","method":"GET","path":"/api/products/list","timestamp":"2025-04-03T12:02:22.357Z","username":"Unknown"}
{"ip":"::1","level":"info","message":"Fetched 6 Products","method":"GET","path":"/api/products/list","timestamp":"2025-04-03T12:02:22.367Z","username":"Unknown"}
{"ip":"::1","level":"info","message":"Fetching all products","method":"GET","path":"/api/products/list","timestamp":"2025-04-03T12:02:22.376Z","username":"Unknown"}
{"ip":"::1","level":"info","message":"Fetched 6 Products","method":"GET","path":"/api/products/list","timestamp":"2025-04-03T12:02:22.383Z","username":"Unknown"}
{"ip":"::1","level":"info","message":"Fetching all products","method":"GET","path":"/api/products/list","timestamp":"2025-04-03T12:02:25.609Z","username":"Unknown"}
{"ip":"::1","level":"info","message":"Fetched 6 Products","method":"GET","path":"/api/products/list","timestamp":"2025-04-03T12:02:25.615Z","username":"Unknown"}
{"ip":"::1","level":"info","message":"Fetching all products","method":"GET","path":"/api/products/list","timestamp":"2025-04-03T12:02:25.625Z","username":"Unknown"}
{"ip":"::1","level":"info","message":"Fetched 6 Products","method":"GET","path":"/api/products/list","timestamp":"2025-04-03T12:02:25.632Z","username":"Unknown"}
{"ip":"::1","level":"info","message":"Fetching all products","method":"GET","path":"/api/products/list","timestamp":"2025-04-03T12:02:43.489Z","username":"Unknown"}
{"ip":"::1","level":"info","message":"Fetched 6 Products","method":"GET","path":"/api/products/list","timestamp":"2025-04-03T12:02:43.496Z","username":"Unknown"}
{"ip":"::1","level":"info","message":"Fetching all products","method":"GET","path":"/api/products/list","timestamp":"2025-04-03T12:02:43.511Z","username":"Unknown"}
{"ip":"::1","level":"info","message":"Fetched 6 Products","method":"GET","path":"/api/products/list","timestamp":"2025-04-03T12:02:43.529Z","username":"Unknown"}
{"ip":"::1","level":"info","message":"Fetching all products","method":"GET","path":"/api/products/list","timestamp":"2025-04-03T12:02:47.326Z","username":"Unknown"}
{"ip":"::1","level":"info","message":"Fetched 6 Products","method":"GET","path":"/api/products/list","timestamp":"2025-04-03T12:02:47.329Z","username":"Unknown"}
{"ip":"::1","level":"info","message":"Fetching all products","method":"GET","path":"/api/products/list","timestamp":"2025-04-03T12:02:47.345Z","username":"Unknown"}
{"ip":"::1","level":"info","message":"Fetched 6 Products","method":"GET","path":"/api/products/list","timestamp":"2025-04-03T12:02:47.353Z","username":"Unknown"}
{"ip":"::1","level":"info","message":"Fetching all products","method":"GET","path":"/api/products/list","timestamp":"2025-04-03T12:03:04.173Z","username":"Unknown"}
{"ip":"::1","level":"info","message":"Fetched 6 Products","method":"GET","path":"/api/products/list","timestamp":"2025-04-03T12:03:04.177Z","username":"Unknown"}
{"ip":"::1","level":"info","message":"Fetching all products","method":"GET","path":"/api/products/list","timestamp":"2025-04-03T12:03:04.189Z","username":"Unknown"}
{"ip":"::1","level":"info","message":"Fetched 6 Products","method":"GET","path":"/api/products/list","timestamp":"2025-04-03T12:03:04.201Z","username":"Unknown"}
{"ip":"::1","level":"info","message":"Fetching all products","method":"GET","path":"/api/products/list","timestamp":"2025-04-03T12:04:29.373Z","username":"Unknown"}
{"ip":"::1","level":"info","message":"Fetched 6 Products","method":"GET","path":"/api/products/list","timestamp":"2025-04-03T12:04:29.378Z","username":"Unknown"}
{"ip":"::1","level":"info","message":"Fetching all products","method":"GET","path":"/api/products/list","timestamp":"2025-04-03T12:04:29.387Z","username":"Unknown"}
{"ip":"::1","level":"info","message":"Fetched 6 Products","method":"GET","path":"/api/products/list","timestamp":"2025-04-03T12:04:29.398Z","username":"Unknown"}
{"ip":"::1","level":"info","message":"Fetching all products","method":"GET","path":"/api/products/list","timestamp":"2025-04-03T12:04:32.268Z","username":"Unknown"}
{"ip":"::1","level":"info","message":"Fetched 6 Products","method":"GET","path":"/api/products/list","timestamp":"2025-04-03T12:04:32.272Z","username":"Unknown"}
{"ip":"::1","level":"info","message":"Fetching all products","method":"GET","path":"/api/products/list","timestamp":"2025-04-03T12:04:32.281Z","username":"Unknown"}
{"ip":"::1","level":"info","message":"Fetched 6 Products","method":"GET","path":"/api/products/list","timestamp":"2025-04-03T12:04:32.288Z","username":"Unknown"}
{"ip":"::1","level":"info","message":"Fetching all products","method":"GET","path":"/api/products/list","timestamp":"2025-04-03T12:08:08.576Z","username":"Unknown"}
{"ip":"::1","level":"info","message":"Fetched 6 Products","method":"GET","path":"/api/products/list","timestamp":"2025-04-03T12:08:08.588Z","username":"Unknown"}
{"ip":"::1","level":"info","message":"Fetching all products","method":"GET","path":"/api/products/list","timestamp":"2025-04-03T12:08:08.602Z","username":"Unknown"}
{"ip":"::1","level":"info","message":"Fetched 6 Products","method":"GET","path":"/api/products/list","timestamp":"2025-04-03T12:08:08.618Z","username":"Unknown"}
{"ip":"::1","level":"info","message":"Fetching all products","method":"GET","path":"/api/products/list","timestamp":"2025-04-03T12:08:12.595Z","username":"Unknown"}
{"ip":"::1","level":"info","message":"Fetched 6 Products","method":"GET","path":"/api/products/list","timestamp":"2025-04-03T12:08:12.609Z","username":"Unknown"}
{"ip":"::1","level":"info","message":"Fetching all products","method":"GET","path":"/api/products/list","timestamp":"2025-04-03T12:08:12.619Z","username":"Unknown"}
{"ip":"::1","level":"info","message":"Fetched 6 Products","method":"GET","path":"/api/products/list","timestamp":"2025-04-03T12:08:12.630Z","username":"Unknown"}
{"ip":"::1","level":"info","message":"Fetching all products","method":"GET","path":"/api/products/list","timestamp":"2025-04-03T12:09:26.977Z","username":"Unknown"}
{"ip":"::1","level":"info","message":"Fetched 6 Products","method":"GET","path":"/api/products/list","timestamp":"2025-04-03T12:09:26.991Z","username":"Unknown"}
{"ip":"::1","level":"info","message":"Fetching all products","method":"GET","path":"/api/products/list","timestamp":"2025-04-03T12:09:27.015Z","username":"Unknown"}
{"ip":"::1","level":"info","message":"Fetched 6 Products","method":"GET","path":"/api/products/list","timestamp":"2025-04-03T12:09:27.034Z","username":"Unknown"}
{"ip":"::ffff:127.0.0.1","level":"info","message":"Fetching all products","method":"GET","path":"/api/products/list","timestamp":"2025-04-03T12:11:39.643Z","username":"Unknown"}
{"ip":"::ffff:127.0.0.1","level":"info","message":"Fetched 6 Products","method":"GET","path":"/api/products/list","timestamp":"2025-04-03T12:11:39.662Z","username":"Unknown"}
{"ip":"::ffff:127.0.0.1","level":"info","message":"Fetching all products","method":"GET","path":"/api/products/list","timestamp":"2025-04-03T12:11:39.671Z","username":"Unknown"}
{"ip":"::ffff:127.0.0.1","level":"info","message":"Fetched 6 Products","method":"GET","path":"/api/products/list","timestamp":"2025-04-03T12:11:39.675Z","username":"Unknown"}
{"ip":"::ffff:127.0.0.1","level":"info","message":"Fetching all products","method":"GET","path":"/api/products/list","timestamp":"2025-04-03T12:11:39.679Z","username":"Unknown"}
{"ip":"::ffff:127.0.0.1","level":"info","message":"Fetched 6 Products","method":"GET","path":"/api/products/list","timestamp":"2025-04-03T12:11:39.685Z","username":"Unknown"}
{"ip":"::ffff:127.0.0.1","level":"info","message":"Fetching all products","method":"GET","path":"/api/products/list","timestamp":"2025-04-03T12:11:39.691Z","username":"Unknown"}
{"ip":"::ffff:127.0.0.1","level":"info","message":"Fetched 6 Products","method":"GET","path":"/api/products/list","timestamp":"2025-04-03T12:11:39.697Z","username":"Unknown"}
{"ip":"::ffff:127.0.0.1","level":"info","message":"Fetching all products","method":"GET","path":"/api/products/list","timestamp":"2025-04-03T12:11:48.688Z","username":"Unknown"}
{"ip":"::ffff:127.0.0.1","level":"info","message":"Fetched 6 Products","method":"GET","path":"/api/products/list","timestamp":"2025-04-03T12:11:48.694Z","username":"Unknown"}
{"ip":"::ffff:127.0.0.1","level":"info","message":"Fetching all products","method":"GET","path":"/api/products/list","timestamp":"2025-04-03T12:11:48.708Z","username":"Unknown"}
{"ip":"::ffff:127.0.0.1","level":"info","message":"Fetched 6 Products","method":"GET","path":"/api/products/list","timestamp":"2025-04-03T12:11:48.720Z","username":"Unknown"}
{"ip":"::ffff:127.0.0.1","level":"info","message":"Fetching all products","method":"GET","path":"/api/products/list","timestamp":"2025-04-03T12:11:48.733Z","username":"Unknown"}
{"ip":"::ffff:127.0.0.1","level":"info","message":"Fetched 6 Products","method":"GET","path":"/api/products/list","timestamp":"2025-04-03T12:11:48.826Z","username":"Unknown"}
{"ip":"::ffff:127.0.0.1","level":"info","message":"Fetching all products","method":"GET","path":"/api/products/list","timestamp":"2025-04-03T12:11:48.858Z","username":"Unknown"}
{"ip":"::ffff:127.0.0.1","level":"info","message":"Fetched 6 Products","method":"GET","path":"/api/products/list","timestamp":"2025-04-03T12:11:48.895Z","username":"Unknown"}
{"ip":"::1","level":"info","message":"Fetching all client","method":"GET","path":"/api/client/list","timestamp":"2025-04-03T12:11:51.345Z","username":"Unknown"}
{"ip":"::1","level":"info","message":"Fetched 2 client","method":"GET","path":"/api/client/list","timestamp":"2025-04-03T12:11:51.354Z","username":"Unknown"}
{"ip":"::1","level":"info","message":"Fetching all client","method":"GET","path":"/api/client/list","timestamp":"2025-04-03T12:11:51.361Z","username":"Unknown"}
{"ip":"::1","level":"info","message":"Fetched 2 client","method":"GET","path":"/api/client/list","timestamp":"2025-04-03T12:11:51.367Z","username":"Unknown"}
{"ip":"::1","level":"info","message":"Fetching all products","method":"GET","path":"/api/products/list","timestamp":"2025-04-03T12:11:51.737Z","username":"Unknown"}
{"ip":"::1","level":"info","message":"Fetched 6 Products","method":"GET","path":"/api/products/list","timestamp":"2025-04-03T12:11:51.742Z","username":"Unknown"}
{"ip":"::1","level":"info","message":"Fetching all products","method":"GET","path":"/api/products/list","timestamp":"2025-04-03T12:11:51.746Z","username":"Unknown"}
{"ip":"::1","level":"info","message":"Fetched 6 Products","method":"GET","path":"/api/products/list","timestamp":"2025-04-03T12:11:51.752Z","username":"Unknown"}
{"ip":"::1","level":"info","message":"Fetching all products","method":"GET","path":"/api/products/list","timestamp":"2025-04-03T12:12:14.745Z","username":"Unknown"}
{"ip":"::1","level":"info","message":"Fetched 6 Products","method":"GET","path":"/api/products/list","timestamp":"2025-04-03T12:12:14.755Z","username":"Unknown"}
{"ip":"::1","level":"info","message":"Fetching all products","method":"GET","path":"/api/products/list","timestamp":"2025-04-03T12:12:14.765Z","username":"Unknown"}
{"ip":"::1","level":"info","message":"Fetched 6 Products","method":"GET","path":"/api/products/list","timestamp":"2025-04-03T12:12:14.775Z","username":"Unknown"}
{"ip":"::1","level":"info","message":"Fetching all client","method":"GET","path":"/api/client/list","timestamp":"2025-04-03T12:14:12.977Z","username":"Unknown"}
{"ip":"::1","level":"info","message":"Fetched 2 client","method":"GET","path":"/api/client/list","timestamp":"2025-04-03T12:14:13.047Z","username":"Unknown"}
{"ip":"::1","level":"info","message":"Fetching all client","method":"GET","path":"/api/client/list","timestamp":"2025-04-03T12:14:13.135Z","username":"Unknown"}
{"ip":"::1","level":"info","message":"Fetched 2 client","method":"GET","path":"/api/client/list","timestamp":"2025-04-03T12:14:13.142Z","username":"Unknown"}
{"ip":"::1","level":"info","message":"Fetching all products","method":"GET","path":"/api/products/list","timestamp":"2025-04-03T12:14:41.834Z","username":"Unknown"}
{"ip":"::1","level":"info","message":"Fetched 6 Products","method":"GET","path":"/api/products/list","timestamp":"2025-04-03T12:14:41.849Z","username":"Unknown"}
{"ip":"::1","level":"info","message":"Fetching all products","method":"GET","path":"/api/products/list","timestamp":"2025-04-03T12:14:41.868Z","username":"Unknown"}
{"ip":"::1","level":"info","message":"Fetched 6 Products","method":"GET","path":"/api/products/list","timestamp":"2025-04-03T12:14:41.878Z","username":"Unknown"}
{"ip":"::1","level":"info","message":"Fetching all products","method":"GET","path":"/api/products/list","timestamp":"2025-04-03T12:14:41.891Z","username":"Unknown"}
{"ip":"::1","level":"info","message":"Fetched 6 Products","method":"GET","path":"/api/products/list","timestamp":"2025-04-03T12:14:41.930Z","username":"Unknown"}
{"ip":"::1","level":"info","message":"Fetching all products","method":"GET","path":"/api/products/list","timestamp":"2025-04-03T12:14:41.950Z","username":"Unknown"}
{"ip":"::1","level":"info","message":"Fetched 6 Products","method":"GET","path":"/api/products/list","timestamp":"2025-04-03T12:14:41.984Z","username":"Unknown"}
{"ip":"::1","level":"info","message":"Fetching all products","method":"GET","path":"/api/products/list","timestamp":"2025-04-03T12:16:04.356Z","username":"Unknown"}
{"ip":"::1","level":"info","message":"Fetched 6 Products","method":"GET","path":"/api/products/list","timestamp":"2025-04-03T12:16:04.362Z","username":"Unknown"}
{"ip":"::1","level":"info","message":"Fetching all products","method":"GET","path":"/api/products/list","timestamp":"2025-04-03T12:16:04.370Z","username":"Unknown"}
{"ip":"::1","level":"info","message":"Fetched 6 Products","method":"GET","path":"/api/products/list","timestamp":"2025-04-03T12:16:04.377Z","username":"Unknown"}
{"ip":"::1","level":"info","message":"Fetching all products","method":"GET","path":"/api/products/list","timestamp":"2025-04-03T12:16:04.385Z","username":"Unknown"}
{"ip":"::1","level":"info","message":"Fetched 6 Products","method":"GET","path":"/api/products/list","timestamp":"2025-04-03T12:16:04.398Z","username":"Unknown"}
{"ip":"::1","level":"info","message":"Fetching all products","method":"GET","path":"/api/products/list","timestamp":"2025-04-03T12:16:04.406Z","username":"Unknown"}
{"ip":"::1","level":"info","message":"Fetched 6 Products","method":"GET","path":"/api/products/list","timestamp":"2025-04-03T12:16:04.414Z","username":"Unknown"}
{"ip":"::1","level":"info","message":"Fetching all products","method":"GET","path":"/api/products/list","timestamp":"2025-04-03T12:24:33.130Z","username":"Unknown"}
{"ip":"::1","level":"info","message":"Fetched 6 Products","method":"GET","path":"/api/products/list","timestamp":"2025-04-03T12:24:33.153Z","username":"Unknown"}
{"ip":"::1","level":"info","message":"Fetching all products","method":"GET","path":"/api/products/list","timestamp":"2025-04-03T12:24:33.169Z","username":"Unknown"}
{"ip":"::1","level":"info","message":"Fetched 6 Products","method":"GET","path":"/api/products/list","timestamp":"2025-04-03T12:24:33.178Z","username":"Unknown"}
{"ip":"::1","level":"info","message":"Fetching all products","method":"GET","path":"/api/products/list","timestamp":"2025-04-03T12:24:33.213Z","username":"Unknown"}
{"ip":"::1","level":"info","message":"Fetched 6 Products","method":"GET","path":"/api/products/list","timestamp":"2025-04-03T12:24:33.225Z","username":"Unknown"}
{"ip":"::1","level":"info","message":"Fetching all products","method":"GET","path":"/api/products/list","timestamp":"2025-04-03T12:24:33.237Z","username":"Unknown"}
{"ip":"::1","level":"info","message":"Fetched 6 Products","method":"GET","path":"/api/products/list","timestamp":"2025-04-03T12:24:33.260Z","username":"Unknown"}
{"ip":"::1","level":"info","message":"Fetching all client","method":"GET","path":"/api/client/list","timestamp":"2025-04-03T12:24:47.290Z","username":"Unknown"}
{"ip":"::1","level":"info","message":"Fetched 2 client","method":"GET","path":"/api/client/list","timestamp":"2025-04-03T12:24:47.296Z","username":"Unknown"}
{"ip":"::1","level":"info","message":"Fetching all client","method":"GET","path":"/api/client/list","timestamp":"2025-04-03T12:24:47.306Z","username":"Unknown"}
{"ip":"::1","level":"info","message":"Fetched 2 client","method":"GET","path":"/api/client/list","timestamp":"2025-04-03T12:24:47.313Z","username":"Unknown"}
{"ip":"::1","level":"info","message":"Fetching all products","method":"GET","path":"/api/products/list","timestamp":"2025-04-03T12:24:50.130Z","username":"Unknown"}
{"ip":"::1","level":"info","message":"Fetched 6 Products","method":"GET","path":"/api/products/list","timestamp":"2025-04-03T12:24:50.135Z","username":"Unknown"}
{"ip":"::1","level":"info","message":"Fetching all products","method":"GET","path":"/api/products/list","timestamp":"2025-04-03T12:24:50.140Z","username":"Unknown"}
{"ip":"::1","level":"info","message":"Fetched 6 Products","method":"GET","path":"/api/products/list","timestamp":"2025-04-03T12:24:50.143Z","username":"Unknown"}
{"ip":"::1","level":"info","message":"Fetching all client","method":"GET","path":"/api/client/list","timestamp":"2025-04-03T12:25:22.283Z","username":"Unknown"}
{"ip":"::1","level":"info","message":"Fetched 2 client","method":"GET","path":"/api/client/list","timestamp":"2025-04-03T12:25:22.293Z","username":"Unknown"}
{"ip":"::1","level":"info","message":"Fetching all client","method":"GET","path":"/api/client/list","timestamp":"2025-04-03T12:25:22.301Z","username":"Unknown"}
{"ip":"::1","level":"info","message":"Fetched 2 client","method":"GET","path":"/api/client/list","timestamp":"2025-04-03T12:25:22.315Z","username":"Unknown"}
{"ip":"::1","level":"info","message":"Fetching all products","method":"GET","path":"/api/products/list","timestamp":"2025-04-03T12:25:22.832Z","username":"Unknown"}
{"ip":"::1","level":"info","message":"Fetched 6 Products","method":"GET","path":"/api/products/list","timestamp":"2025-04-03T12:25:22.834Z","username":"Unknown"}
{"ip":"::1","level":"info","message":"Fetching all products","method":"GET","path":"/api/products/list","timestamp":"2025-04-03T12:25:22.836Z","username":"Unknown"}
{"ip":"::1","level":"info","message":"Fetched 6 Products","method":"GET","path":"/api/products/list","timestamp":"2025-04-03T12:25:22.839Z","username":"Unknown"}
{"ip":"::1","level":"info","message":"Fetching all products","method":"GET","path":"/api/products/list","timestamp":"2025-04-03T12:25:22.842Z","username":"Unknown"}
{"ip":"::1","level":"info","message":"Fetched 6 Products","method":"GET","path":"/api/products/list","timestamp":"2025-04-03T12:25:22.844Z","username":"Unknown"}
{"ip":"::1","level":"info","message":"Fetching all products","method":"GET","path":"/api/products/list","timestamp":"2025-04-03T12:25:22.846Z","username":"Unknown"}
{"ip":"::1","level":"info","message":"Fetched 6 Products","method":"GET","path":"/api/products/list","timestamp":"2025-04-03T12:25:22.848Z","username":"Unknown"}
{"ip":"::1","level":"info","message":"Fetching all products","method":"GET","path":"/api/products/list","timestamp":"2025-04-03T12:25:24.171Z","username":"Unknown"}
{"ip":"::1","level":"info","message":"Fetched 6 Products","method":"GET","path":"/api/products/list","timestamp":"2025-04-03T12:25:24.174Z","username":"Unknown"}
{"ip":"::1","level":"info","message":"Fetching all products","method":"GET","path":"/api/products/list","timestamp":"2025-04-03T12:25:24.176Z","username":"Unknown"}
{"ip":"::1","level":"info","message":"Fetched 6 Products","method":"GET","path":"/api/products/list","timestamp":"2025-04-03T12:25:24.180Z","username":"Unknown"}
